This is pdfTeX, Version 3.14159265-2.6-1.40.18 (TeX Live 2017) (preloaded format=pdflatex 2017.7.10)  3 OCT 2017 23:57
entering extended mode
 restricted \write18 enabled.
 %&-line parsing enabled.
**memoire.tex
(./memoire.tex
LaTeX2e <2017-04-15>
Babel <3.10> and hyphenation patterns for 84 language(s) loaded.
(/usr/local/texlive/2017/texmf-dist/tex/latex/base/report.cls
Document Class: report 2014/09/29 v1.4h Standard LaTeX document class
(/usr/local/texlive/2017/texmf-dist/tex/latex/base/size12.clo
File: size12.clo 2014/09/29 v1.4h Standard LaTeX file (size option)
)
\c@part=\count79
\c@chapter=\count80
\c@section=\count81
\c@subsection=\count82
\c@subsubsection=\count83
\c@paragraph=\count84
\c@subparagraph=\count85
\c@figure=\count86
\c@table=\count87
\abovecaptionskip=\skip41
\belowcaptionskip=\skip42
\bibindent=\dimen102
)
(/usr/local/texlive/2017/texmf-dist/tex/latex/base/inputenc.sty
Package: inputenc 2015/03/17 v1.2c Input encoding file
\inpenc@prehook=\toks14
\inpenc@posthook=\toks15

(/usr/local/texlive/2017/texmf-dist/tex/latex/base/utf8.def
File: utf8.def 2017/01/28 v1.1t UTF-8 support for inputenc
Now handling font encoding OML ...
... no UTF-8 mapping file for font encoding OML
Now handling font encoding T1 ...
... processing UTF-8 mapping file for font encoding T1

(/usr/local/texlive/2017/texmf-dist/tex/latex/base/t1enc.dfu
File: t1enc.dfu 2017/01/28 v1.1t UTF-8 support for inputenc
   defining Unicode char U+00A0 (decimal 160)
   defining Unicode char U+00A1 (decimal 161)
   defining Unicode char U+00A3 (decimal 163)
   defining Unicode char U+00AB (decimal 171)
   defining Unicode char U+00AD (decimal 173)
   defining Unicode char U+00BB (decimal 187)
   defining Unicode char U+00BF (decimal 191)
   defining Unicode char U+00C0 (decimal 192)
   defining Unicode char U+00C1 (decimal 193)
   defining Unicode char U+00C2 (decimal 194)
   defining Unicode char U+00C3 (decimal 195)
   defining Unicode char U+00C4 (decimal 196)
   defining Unicode char U+00C5 (decimal 197)
   defining Unicode char U+00C6 (decimal 198)
   defining Unicode char U+00C7 (decimal 199)
   defining Unicode char U+00C8 (decimal 200)
   defining Unicode char U+00C9 (decimal 201)
   defining Unicode char U+00CA (decimal 202)
   defining Unicode char U+00CB (decimal 203)
   defining Unicode char U+00CC (decimal 204)
   defining Unicode char U+00CD (decimal 205)
   defining Unicode char U+00CE (decimal 206)
   defining Unicode char U+00CF (decimal 207)
   defining Unicode char U+00D0 (decimal 208)
   defining Unicode char U+00D1 (decimal 209)
   defining Unicode char U+00D2 (decimal 210)
   defining Unicode char U+00D3 (decimal 211)
   defining Unicode char U+00D4 (decimal 212)
   defining Unicode char U+00D5 (decimal 213)
   defining Unicode char U+00D6 (decimal 214)
   defining Unicode char U+00D8 (decimal 216)
   defining Unicode char U+00D9 (decimal 217)
   defining Unicode char U+00DA (decimal 218)
   defining Unicode char U+00DB (decimal 219)
   defining Unicode char U+00DC (decimal 220)
   defining Unicode char U+00DD (decimal 221)
   defining Unicode char U+00DE (decimal 222)
   defining Unicode char U+00DF (decimal 223)
   defining Unicode char U+00E0 (decimal 224)
   defining Unicode char U+00E1 (decimal 225)
   defining Unicode char U+00E2 (decimal 226)
   defining Unicode char U+00E3 (decimal 227)
   defining Unicode char U+00E4 (decimal 228)
   defining Unicode char U+00E5 (decimal 229)
   defining Unicode char U+00E6 (decimal 230)
   defining Unicode char U+00E7 (decimal 231)
   defining Unicode char U+00E8 (decimal 232)
   defining Unicode char U+00E9 (decimal 233)
   defining Unicode char U+00EA (decimal 234)
   defining Unicode char U+00EB (decimal 235)
   defining Unicode char U+00EC (decimal 236)
   defining Unicode char U+00ED (decimal 237)
   defining Unicode char U+00EE (decimal 238)
   defining Unicode char U+00EF (decimal 239)
   defining Unicode char U+00F0 (decimal 240)
   defining Unicode char U+00F1 (decimal 241)
   defining Unicode char U+00F2 (decimal 242)
   defining Unicode char U+00F3 (decimal 243)
   defining Unicode char U+00F4 (decimal 244)
   defining Unicode char U+00F5 (decimal 245)
   defining Unicode char U+00F6 (decimal 246)
   defining Unicode char U+00F8 (decimal 248)
   defining Unicode char U+00F9 (decimal 249)
   defining Unicode char U+00FA (decimal 250)
   defining Unicode char U+00FB (decimal 251)
   defining Unicode char U+00FC (decimal 252)
   defining Unicode char U+00FD (decimal 253)
   defining Unicode char U+00FE (decimal 254)
   defining Unicode char U+00FF (decimal 255)
   defining Unicode char U+0100 (decimal 256)
   defining Unicode char U+0101 (decimal 257)
   defining Unicode char U+0102 (decimal 258)
   defining Unicode char U+0103 (decimal 259)
   defining Unicode char U+0104 (decimal 260)
   defining Unicode char U+0105 (decimal 261)
   defining Unicode char U+0106 (decimal 262)
   defining Unicode char U+0107 (decimal 263)
   defining Unicode char U+0108 (decimal 264)
   defining Unicode char U+0109 (decimal 265)
   defining Unicode char U+010A (decimal 266)
   defining Unicode char U+010B (decimal 267)
   defining Unicode char U+010C (decimal 268)
   defining Unicode char U+010D (decimal 269)
   defining Unicode char U+010E (decimal 270)
   defining Unicode char U+010F (decimal 271)
   defining Unicode char U+0110 (decimal 272)
   defining Unicode char U+0111 (decimal 273)
   defining Unicode char U+0112 (decimal 274)
   defining Unicode char U+0113 (decimal 275)
   defining Unicode char U+0114 (decimal 276)
   defining Unicode char U+0115 (decimal 277)
   defining Unicode char U+0116 (decimal 278)
   defining Unicode char U+0117 (decimal 279)
   defining Unicode char U+0118 (decimal 280)
   defining Unicode char U+0119 (decimal 281)
   defining Unicode char U+011A (decimal 282)
   defining Unicode char U+011B (decimal 283)
   defining Unicode char U+011C (decimal 284)
   defining Unicode char U+011D (decimal 285)
   defining Unicode char U+011E (decimal 286)
   defining Unicode char U+011F (decimal 287)
   defining Unicode char U+0120 (decimal 288)
   defining Unicode char U+0121 (decimal 289)
   defining Unicode char U+0122 (decimal 290)
   defining Unicode char U+0123 (decimal 291)
   defining Unicode char U+0124 (decimal 292)
   defining Unicode char U+0125 (decimal 293)
   defining Unicode char U+0128 (decimal 296)
   defining Unicode char U+0129 (decimal 297)
   defining Unicode char U+012A (decimal 298)
   defining Unicode char U+012B (decimal 299)
   defining Unicode char U+012C (decimal 300)
   defining Unicode char U+012D (decimal 301)
   defining Unicode char U+012E (decimal 302)
   defining Unicode char U+012F (decimal 303)
   defining Unicode char U+0130 (decimal 304)
   defining Unicode char U+0131 (decimal 305)
   defining Unicode char U+0132 (decimal 306)
   defining Unicode char U+0133 (decimal 307)
   defining Unicode char U+0134 (decimal 308)
   defining Unicode char U+0135 (decimal 309)
   defining Unicode char U+0136 (decimal 310)
   defining Unicode char U+0137 (decimal 311)
   defining Unicode char U+0139 (decimal 313)
   defining Unicode char U+013A (decimal 314)
   defining Unicode char U+013B (decimal 315)
   defining Unicode char U+013C (decimal 316)
   defining Unicode char U+013D (decimal 317)
   defining Unicode char U+013E (decimal 318)
   defining Unicode char U+0141 (decimal 321)
   defining Unicode char U+0142 (decimal 322)
   defining Unicode char U+0143 (decimal 323)
   defining Unicode char U+0144 (decimal 324)
   defining Unicode char U+0145 (decimal 325)
   defining Unicode char U+0146 (decimal 326)
   defining Unicode char U+0147 (decimal 327)
   defining Unicode char U+0148 (decimal 328)
   defining Unicode char U+014A (decimal 330)
   defining Unicode char U+014B (decimal 331)
   defining Unicode char U+014C (decimal 332)
   defining Unicode char U+014D (decimal 333)
   defining Unicode char U+014E (decimal 334)
   defining Unicode char U+014F (decimal 335)
   defining Unicode char U+0150 (decimal 336)
   defining Unicode char U+0151 (decimal 337)
   defining Unicode char U+0152 (decimal 338)
   defining Unicode char U+0153 (decimal 339)
   defining Unicode char U+0154 (decimal 340)
   defining Unicode char U+0155 (decimal 341)
   defining Unicode char U+0156 (decimal 342)
   defining Unicode char U+0157 (decimal 343)
   defining Unicode char U+0158 (decimal 344)
   defining Unicode char U+0159 (decimal 345)
   defining Unicode char U+015A (decimal 346)
   defining Unicode char U+015B (decimal 347)
   defining Unicode char U+015C (decimal 348)
   defining Unicode char U+015D (decimal 349)
   defining Unicode char U+015E (decimal 350)
   defining Unicode char U+015F (decimal 351)
   defining Unicode char U+0160 (decimal 352)
   defining Unicode char U+0161 (decimal 353)
   defining Unicode char U+0162 (decimal 354)
   defining Unicode char U+0163 (decimal 355)
   defining Unicode char U+0164 (decimal 356)
   defining Unicode char U+0165 (decimal 357)
   defining Unicode char U+0168 (decimal 360)
   defining Unicode char U+0169 (decimal 361)
   defining Unicode char U+016A (decimal 362)
   defining Unicode char U+016B (decimal 363)
   defining Unicode char U+016C (decimal 364)
   defining Unicode char U+016D (decimal 365)
   defining Unicode char U+016E (decimal 366)
   defining Unicode char U+016F (decimal 367)
   defining Unicode char U+0170 (decimal 368)
   defining Unicode char U+0171 (decimal 369)
   defining Unicode char U+0172 (decimal 370)
   defining Unicode char U+0173 (decimal 371)
   defining Unicode char U+0174 (decimal 372)
   defining Unicode char U+0175 (decimal 373)
   defining Unicode char U+0176 (decimal 374)
   defining Unicode char U+0177 (decimal 375)
   defining Unicode char U+0178 (decimal 376)
   defining Unicode char U+0179 (decimal 377)
   defining Unicode char U+017A (decimal 378)
   defining Unicode char U+017B (decimal 379)
   defining Unicode char U+017C (decimal 380)
   defining Unicode char U+017D (decimal 381)
   defining Unicode char U+017E (decimal 382)
   defining Unicode char U+01CD (decimal 461)
   defining Unicode char U+01CE (decimal 462)
   defining Unicode char U+01CF (decimal 463)
   defining Unicode char U+01D0 (decimal 464)
   defining Unicode char U+01D1 (decimal 465)
   defining Unicode char U+01D2 (decimal 466)
   defining Unicode char U+01D3 (decimal 467)
   defining Unicode char U+01D4 (decimal 468)
   defining Unicode char U+01E2 (decimal 482)
   defining Unicode char U+01E3 (decimal 483)
   defining Unicode char U+01E6 (decimal 486)
   defining Unicode char U+01E7 (decimal 487)
   defining Unicode char U+01E8 (decimal 488)
   defining Unicode char U+01E9 (decimal 489)
   defining Unicode char U+01EA (decimal 490)
   defining Unicode char U+01EB (decimal 491)
   defining Unicode char U+01F0 (decimal 496)
   defining Unicode char U+01F4 (decimal 500)
   defining Unicode char U+01F5 (decimal 501)
   defining Unicode char U+0218 (decimal 536)
   defining Unicode char U+0219 (decimal 537)
   defining Unicode char U+021A (decimal 538)
   defining Unicode char U+021B (decimal 539)
   defining Unicode char U+0232 (decimal 562)
   defining Unicode char U+0233 (decimal 563)
   defining Unicode char U+1E02 (decimal 7682)
   defining Unicode char U+1E03 (decimal 7683)
   defining Unicode char U+200C (decimal 8204)
   defining Unicode char U+2010 (decimal 8208)
   defining Unicode char U+2011 (decimal 8209)
   defining Unicode char U+2012 (decimal 8210)
   defining Unicode char U+2013 (decimal 8211)
   defining Unicode char U+2014 (decimal 8212)
   defining Unicode char U+2015 (decimal 8213)
   defining Unicode char U+2018 (decimal 8216)
   defining Unicode char U+2019 (decimal 8217)
   defining Unicode char U+201A (decimal 8218)
   defining Unicode char U+201C (decimal 8220)
   defining Unicode char U+201D (decimal 8221)
   defining Unicode char U+201E (decimal 8222)
   defining Unicode char U+2030 (decimal 8240)
   defining Unicode char U+2031 (decimal 8241)
   defining Unicode char U+2039 (decimal 8249)
   defining Unicode char U+203A (decimal 8250)
   defining Unicode char U+2423 (decimal 9251)
   defining Unicode char U+1E20 (decimal 7712)
   defining Unicode char U+1E21 (decimal 7713)
)
Now handling font encoding OT1 ...
... processing UTF-8 mapping file for font encoding OT1

(/usr/local/texlive/2017/texmf-dist/tex/latex/base/ot1enc.dfu
File: ot1enc.dfu 2017/01/28 v1.1t UTF-8 support for inputenc
   defining Unicode char U+00A0 (decimal 160)
   defining Unicode char U+00A1 (decimal 161)
   defining Unicode char U+00A3 (decimal 163)
   defining Unicode char U+00AD (decimal 173)
   defining Unicode char U+00B8 (decimal 184)
   defining Unicode char U+00BF (decimal 191)
   defining Unicode char U+00C5 (decimal 197)
   defining Unicode char U+00C6 (decimal 198)
   defining Unicode char U+00D8 (decimal 216)
   defining Unicode char U+00DF (decimal 223)
   defining Unicode char U+00E6 (decimal 230)
   defining Unicode char U+00EC (decimal 236)
   defining Unicode char U+00ED (decimal 237)
   defining Unicode char U+00EE (decimal 238)
   defining Unicode char U+00EF (decimal 239)
   defining Unicode char U+00F8 (decimal 248)
   defining Unicode char U+0131 (decimal 305)
   defining Unicode char U+0141 (decimal 321)
   defining Unicode char U+0142 (decimal 322)
   defining Unicode char U+0152 (decimal 338)
   defining Unicode char U+0153 (decimal 339)
   defining Unicode char U+0174 (decimal 372)
   defining Unicode char U+0175 (decimal 373)
   defining Unicode char U+0176 (decimal 374)
   defining Unicode char U+0177 (decimal 375)
   defining Unicode char U+0218 (decimal 536)
   defining Unicode char U+0219 (decimal 537)
   defining Unicode char U+021A (decimal 538)
   defining Unicode char U+021B (decimal 539)
   defining Unicode char U+2013 (decimal 8211)
   defining Unicode char U+2014 (decimal 8212)
   defining Unicode char U+2018 (decimal 8216)
   defining Unicode char U+2019 (decimal 8217)
   defining Unicode char U+201C (decimal 8220)
   defining Unicode char U+201D (decimal 8221)
)
Now handling font encoding OMS ...
... processing UTF-8 mapping file for font encoding OMS

(/usr/local/texlive/2017/texmf-dist/tex/latex/base/omsenc.dfu
File: omsenc.dfu 2017/01/28 v1.1t UTF-8 support for inputenc
   defining Unicode char U+00A7 (decimal 167)
   defining Unicode char U+00B6 (decimal 182)
   defining Unicode char U+00B7 (decimal 183)
   defining Unicode char U+2020 (decimal 8224)
   defining Unicode char U+2021 (decimal 8225)
   defining Unicode char U+2022 (decimal 8226)
)
Now handling font encoding OMX ...
... no UTF-8 mapping file for font encoding OMX
Now handling font encoding U ...
... no UTF-8 mapping file for font encoding U
   defining Unicode char U+00A9 (decimal 169)
   defining Unicode char U+00AA (decimal 170)
   defining Unicode char U+00AE (decimal 174)
   defining Unicode char U+00BA (decimal 186)
   defining Unicode char U+02C6 (decimal 710)
   defining Unicode char U+02DC (decimal 732)
   defining Unicode char U+200C (decimal 8204)
   defining Unicode char U+2026 (decimal 8230)
   defining Unicode char U+2122 (decimal 8482)
   defining Unicode char U+2423 (decimal 9251)
))
(/usr/local/texlive/2017/texmf-dist/tex/generic/babel/babel.sty
Package: babel 2017/05/19 3.10 The Babel package

(/usr/local/texlive/2017/texmf-dist/tex/generic/babel-french/frenchb.ldf
Language: frenchb 2017/04/30 v3.3a French support from the babel system

(/usr/local/texlive/2017/texmf-dist/tex/generic/babel/babel.def
File: babel.def 2017/05/19 3.10 Babel common definitions
\babel@savecnt=\count88
\U@D=\dimen103
)
\l@acadian = a dialect from \language\l@french 
\l@canadien = a dialect from \language\l@french 
\FB@nonchar=\count89
\FBcolonsp=\toks16
\FBthinsp=\toks17
Package babel Info: Making : an active character on input line 362.
Package babel Info: Making ; an active character on input line 363.
Package babel Info: Making ! an active character on input line 364.
Package babel Info: Making ? an active character on input line 365.
\FBguillsp=\toks18
\FBguill@level=\count90
\FB@everypar=\toks19
\FB@Mht=\dimen104
\mc@charclass=\count91
\mc@charfam=\count92
\mc@charslot=\count93
\std@mcc=\count94
\dec@mcc=\count95
\listindentFB=\skip43
\descindentFB=\skip44
\labelwidthFB=\skip45
\leftmarginFB=\skip46
\parindentFFN=\dimen105
\FBfnindent=\skip47
)
(/usr/local/texlive/2017/texmf-dist/tex/generic/babel-english/english.ldf
Language: english 2017/01/24 v3.3q English support from the babel system
\l@canadian = a dialect from \language\l@american 
\l@australian = a dialect from \language\l@british 
\l@newzealand = a dialect from \language\l@british 
))
(/usr/local/texlive/2017/texmf-dist/tex/latex/carlisle/scalefnt.sty)
(/usr/local/texlive/2017/texmf-dist/tex/latex/graphics/keyval.sty
Package: keyval 2014/10/28 v1.15 key=value parser (DPC)
\KV@toks@=\toks20
)
(/usr/local/texlive/2017/texmf-dist/tex/latex/base/fontenc.sty
Package: fontenc 2017/04/05 v2.0i Standard LaTeX package

(/usr/local/texlive/2017/texmf-dist/tex/latex/base/t1enc.def
File: t1enc.def 2017/04/05 v2.0i Standard LaTeX file
LaTeX Font Info:    Redeclaring font encoding T1 on input line 48.
))
(/usr/local/texlive/2017/texmf-dist/tex/latex/sectsty/sectsty.sty
Package: sectsty 2002/02/25 v2.0.2 Commands to change all sectional heading sty
les
)
(/usr/local/texlive/2017/texmf-dist/tex/latex/subfig/subfig.sty
Package: subfig 2005/06/28 ver: 1.3 subfig package

(/usr/local/texlive/2017/texmf-dist/tex/latex/caption/caption.sty
Package: caption 2016/02/21 v3.3-144 Customizing captions (AR)

(/usr/local/texlive/2017/texmf-dist/tex/latex/caption/caption3.sty
Package: caption3 2016/05/22 v1.7-166 caption3 kernel (AR)
Package caption3 Info: TeX engine: e-TeX on input line 67.
\captionmargin=\dimen106
\captionmargin@=\dimen107
\captionwidth=\dimen108
\caption@tempdima=\dimen109
\caption@indent=\dimen110
\caption@parindent=\dimen111
\caption@hangindent=\dimen112
)
\c@ContinuedFloat=\count96
)
\c@KVtest=\count97
\sf@farskip=\skip48
\sf@captopadj=\dimen113
\sf@capskip=\skip49
\sf@nearskip=\skip50
\c@subfigure=\count98
\c@subfigure@save=\count99
\c@lofdepth=\count100
\c@subtable=\count101
\c@subtable@save=\count102
\c@lotdepth=\count103
\sf@top=\skip51
\sf@bottom=\skip52
)
(/usr/local/texlive/2017/texmf-dist/tex/latex/algorithms/algorithm.sty
Package: algorithm 2009/08/24 v0.1 Document Style `algorithm' - floating enviro
nment

(/usr/local/texlive/2017/texmf-dist/tex/latex/float/float.sty
Package: float 2001/11/08 v1.3d Float enhancements (AL)
\c@float@type=\count104
\float@exts=\toks21
\float@box=\box26
\@float@everytoks=\toks22
\@floatcapt=\box27
)
(/usr/local/texlive/2017/texmf-dist/tex/latex/base/ifthen.sty
Package: ifthen 2014/09/29 v1.1c Standard LaTeX ifthen package (DPC)
)
\@float@every@algorithm=\toks23
\c@algorithm=\count105
)
(/usr/local/texlive/2017/texmf-dist/tex/latex/algorithmicx/algpseudocode.sty
Package: algpseudocode 

(/usr/local/texlive/2017/texmf-dist/tex/latex/algorithmicx/algorithmicx.sty
Package: algorithmicx 2005/04/27 v1.2 Algorithmicx

Document Style algorithmicx 1.2 - a greatly improved `algorithmic' style
\c@ALG@line=\count106
\c@ALG@rem=\count107
\c@ALG@nested=\count108
\ALG@tlm=\skip53
\ALG@thistlm=\skip54
\c@ALG@Lnr=\count109
\c@ALG@blocknr=\count110
\c@ALG@storecount=\count111
\c@ALG@tmpcounter=\count112
\ALG@tmplength=\skip55
)
Document Style - pseudocode environments for use with the `algorithmicx' style
) (/usr/local/texlive/2017/texmf-dist/tex/latex/amsmath/amsmath.sty
Package: amsmath 2016/11/05 v2.16a AMS math features
\@mathmargin=\skip56

For additional information on amsmath, use the `?' option.
(/usr/local/texlive/2017/texmf-dist/tex/latex/amsmath/amstext.sty
Package: amstext 2000/06/29 v2.01 AMS text

(/usr/local/texlive/2017/texmf-dist/tex/latex/amsmath/amsgen.sty
File: amsgen.sty 1999/11/30 v2.0 generic functions
\@emptytoks=\toks24
\ex@=\dimen114
))
(/usr/local/texlive/2017/texmf-dist/tex/latex/amsmath/amsbsy.sty
Package: amsbsy 1999/11/29 v1.2d Bold Symbols
\pmbraise@=\dimen115
)
(/usr/local/texlive/2017/texmf-dist/tex/latex/amsmath/amsopn.sty
Package: amsopn 2016/03/08 v2.02 operator names
)
\inf@bad=\count113
LaTeX Info: Redefining \frac on input line 213.
\uproot@=\count114
\leftroot@=\count115
LaTeX Info: Redefining \overline on input line 375.
\classnum@=\count116
\DOTSCASE@=\count117
LaTeX Info: Redefining \ldots on input line 472.
LaTeX Info: Redefining \dots on input line 475.
LaTeX Info: Redefining \cdots on input line 596.
\Mathstrutbox@=\box28
\strutbox@=\box29
\big@size=\dimen116
LaTeX Font Info:    Redeclaring font encoding OML on input line 712.
LaTeX Font Info:    Redeclaring font encoding OMS on input line 713.
\macc@depth=\count118
\c@MaxMatrixCols=\count119
\dotsspace@=\muskip10
\c@parentequation=\count120
\dspbrk@lvl=\count121
\tag@help=\toks25
\row@=\count122
\column@=\count123
\maxfields@=\count124
\andhelp@=\toks26
\eqnshift@=\dimen117
\alignsep@=\dimen118
\tagshift@=\dimen119
\tagwidth@=\dimen120
\totwidth@=\dimen121
\lineht@=\dimen122
\@envbody=\toks27
\multlinegap=\skip57
\multlinetaggap=\skip58
\mathdisplay@stack=\toks28
LaTeX Info: Redefining \[ on input line 2817.
LaTeX Info: Redefining \] on input line 2818.
)
(/usr/local/texlive/2017/texmf-dist/tex/latex/url/url.sty
\Urlmuskip=\muskip11
Package: url 2013/09/16  ver 3.4  Verb mode for urls, etc.
)
(/usr/local/texlive/2017/texmf-dist/tex/latex/biblatex/biblatex.sty
Package: biblatex 2016/12/05 v3.7 programmable bibliographies (PK/JW/AB)

(/usr/local/texlive/2017/texmf-dist/tex/generic/oberdiek/pdftexcmds.sty
Package: pdftexcmds 2017/03/19 v0.25 Utility functions of pdfTeX for LuaTeX (HO
)

(/usr/local/texlive/2017/texmf-dist/tex/generic/oberdiek/infwarerr.sty
Package: infwarerr 2016/05/16 v1.4 Providing info/warning/error messages (HO)
)
(/usr/local/texlive/2017/texmf-dist/tex/generic/oberdiek/ifluatex.sty
Package: ifluatex 2016/05/16 v1.4 Provides the ifluatex switch (HO)
Package ifluatex Info: LuaTeX not detected.
)
(/usr/local/texlive/2017/texmf-dist/tex/generic/oberdiek/ltxcmds.sty
Package: ltxcmds 2016/05/16 v1.23 LaTeX kernel commands for general use (HO)
)
(/usr/local/texlive/2017/texmf-dist/tex/generic/oberdiek/ifpdf.sty
Package: ifpdf 2017/03/15 v3.2 Provides the ifpdf switch
)
Package pdftexcmds Info: LuaTeX not detected.
Package pdftexcmds Info: \pdf@primitive is available.
Package pdftexcmds Info: \pdf@ifprimitive is available.
Package pdftexcmds Info: \pdfdraftmode found.
)
(/usr/local/texlive/2017/texmf-dist/tex/latex/etoolbox/etoolbox.sty
Package: etoolbox 2017/01/02 v2.4 e-TeX tools for LaTeX (JAW)
\etb@tempcnta=\count125
)
(/usr/local/texlive/2017/texmf-dist/tex/latex/oberdiek/kvoptions.sty
Package: kvoptions 2016/05/16 v3.12 Key value format for package options (HO)

(/usr/local/texlive/2017/texmf-dist/tex/generic/oberdiek/kvsetkeys.sty
Package: kvsetkeys 2016/05/16 v1.17 Key value parser (HO)

(/usr/local/texlive/2017/texmf-dist/tex/generic/oberdiek/etexcmds.sty
Package: etexcmds 2016/05/16 v1.6 Avoid name clashes with e-TeX commands (HO)
Package etexcmds Info: Could not find \expanded.
(etexcmds)             That can mean that you are not using pdfTeX 1.50 or
(etexcmds)             that some package has redefined \expanded.
(etexcmds)             In the latter case, load this package earlier.
)))
(/usr/local/texlive/2017/texmf-dist/tex/latex/logreq/logreq.sty
Package: logreq 2010/08/04 v1.0 xml request logger
\lrq@indent=\count126

(/usr/local/texlive/2017/texmf-dist/tex/latex/logreq/logreq.def
File: logreq.def 2010/08/04 v1.0 logreq spec v1.0
))
(/usr/local/texlive/2017/texmf-dist/tex/generic/xstring/xstring.sty
(/usr/local/texlive/2017/texmf-dist/tex/generic/xstring/xstring.tex
\@xs@message=\write3
\integerpart=\count127
\decimalpart=\count128
)
Package: xstring 2013/10/13  v1.7c  String manipulations (C Tellechea)
)
\c@tabx@nest=\count129
\c@listtotal=\count130
\c@listcount=\count131
\c@liststart=\count132
\c@liststop=\count133
\c@citecount=\count134
\c@citetotal=\count135
\c@multicitecount=\count136
\c@multicitetotal=\count137
\c@instcount=\count138
\c@maxnames=\count139
\c@minnames=\count140
\c@maxitems=\count141
\c@minitems=\count142
\c@citecounter=\count143
\c@savedcitecounter=\count144
\c@uniquelist=\count145
\c@uniquename=\count146
\c@refsection=\count147
\c@refsegment=\count148
\c@maxextratitle=\count149
\c@maxextratitleyear=\count150
\c@maxextrayear=\count151
\c@maxextraalpha=\count152
\c@abbrvpenalty=\count153
\c@highnamepenalty=\count154
\c@lownamepenalty=\count155
\c@maxparens=\count156
\c@parenlevel=\count157
\blx@tempcnta=\count158
\blx@tempcntb=\count159
\blx@tempcntc=\count160
\blx@maxsection=\count161
\blx@maxsegment@0=\count162
\blx@notetype=\count163
\blx@parenlevel@text=\count164
\blx@parenlevel@foot=\count165
\blx@sectionciteorder@0=\count166
\labelnumberwidth=\skip59
\labelalphawidth=\skip60
\biblabelsep=\skip61
\bibitemsep=\skip62
\bibnamesep=\skip63
\bibinitsep=\skip64
\bibparsep=\skip65
\bibhang=\skip66
\blx@bcfin=\read1
\blx@bcfout=\write4
\c@mincomprange=\count167
\c@maxcomprange=\count168
\c@mincompwidth=\count169
Package biblatex Info: Trying to load biblatex default data model...
Package biblatex Info: ... file 'blx-dm.def' found.

(/usr/local/texlive/2017/texmf-dist/tex/latex/biblatex/blx-dm.def)
Package biblatex Info: Trying to load biblatex style data model...
Package biblatex Info: ... file 'numeric.dbx' not found.
Package biblatex Info: Trying to load biblatex custom data model...
Package biblatex Info: ... file 'biblatex-dm.cfg' not found.
\c@afterword=\count170
\c@savedafterword=\count171
\c@annotator=\count172
\c@savedannotator=\count173
\c@author=\count174
\c@savedauthor=\count175
\c@bookauthor=\count176
\c@savedbookauthor=\count177
\c@commentator=\count178
\c@savedcommentator=\count179
\c@editor=\count180
\c@savededitor=\count181
\c@editora=\count182
\c@savededitora=\count183
\c@editorb=\count184
\c@savededitorb=\count185
\c@editorc=\count186
\c@savededitorc=\count187
\c@foreword=\count188
\c@savedforeword=\count189
\c@holder=\count190
\c@savedholder=\count191
\c@introduction=\count192
\c@savedintroduction=\count193
\c@namea=\count194
\c@savednamea=\count195
\c@nameb=\count196
\c@savednameb=\count197
\c@namec=\count198
\c@savednamec=\count199
\c@translator=\count266
\c@savedtranslator=\count267
\c@shortauthor=\count268
\c@savedshortauthor=\count269
\c@shorteditor=\count270
\c@savedshorteditor=\count271
\c@labelname=\count272
\c@savedlabelname=\count273
\c@institution=\count274
\c@savedinstitution=\count275
\c@lista=\count276
\c@savedlista=\count277
\c@listb=\count278
\c@savedlistb=\count279
\c@listc=\count280
\c@savedlistc=\count281
\c@listd=\count282
\c@savedlistd=\count283
\c@liste=\count284
\c@savedliste=\count285
\c@listf=\count286
\c@savedlistf=\count287
\c@location=\count288
\c@savedlocation=\count289
\c@organization=\count290
\c@savedorganization=\count291
\c@origlocation=\count292
\c@savedoriglocation=\count293
\c@origpublisher=\count294
\c@savedorigpublisher=\count295
\c@publisher=\count296
\c@savedpublisher=\count297
\c@language=\count298
\c@savedlanguage=\count299
\c@pageref=\count300
\c@savedpageref=\count301
\shorthandwidth=\skip67
\shortjournalwidth=\skip68
\shortserieswidth=\skip69
\shorttitlewidth=\skip70
\shortauthorwidth=\skip71
\shorteditorwidth=\skip72
Package biblatex Info: Trying to load compatibility code...
Package biblatex Info: ... file 'blx-compat.def' found.

(/usr/local/texlive/2017/texmf-dist/tex/latex/biblatex/blx-compat.def
File: blx-compat.def 2016/12/05 v3.7 biblatex compatibility (PK/JW/AB)
)
Package biblatex Info: Trying to load BibTeX backend compatibility...
Package biblatex Info: ... file 'blx-bibtex.def' found.

(/usr/local/texlive/2017/texmf-dist/tex/latex/biblatex/blx-bibtex.def
File: blx-bibtex.def 2016/12/05 v3.7 biblatex compatibility (PK/JW/AB)


Package biblatex Warning: Using fall-back BibTeX(8) backend:
(biblatex)                functionality may be reduced/unavailable.

)
Package biblatex Info: Trying to load generic definitions...
Package biblatex Info: ... file 'biblatex.def' found.
 (/usr/local/texlive/2017/texmf-dist/tex/latex/biblatex/biblatex.def
File: biblatex.def 2016/12/05 v3.7 biblatex compatibility (PK/JW/AB)
\c@textcitecount=\count302
\c@textcitetotal=\count303
\c@textcitemaxnames=\count304
\c@biburlnumpenalty=\count305
\c@biburlucpenalty=\count306
\c@biburllcpenalty=\count307
\c@smartand=\count308
)
Package biblatex Info: Trying to load natbib compatibility...
Package biblatex Info: ... file 'blx-natbib.def' found.

(/usr/local/texlive/2017/texmf-dist/tex/latex/biblatex/blx-natbib.def
File: blx-natbib.def 2016/12/05 v3.7 biblatex compatibility (PK/JW/AB)
)
Package biblatex Info: Trying to load bibliography style 'numeric'...
Package biblatex Info: ... file 'numeric.bbx' found.

(/usr/local/texlive/2017/texmf-dist/tex/latex/biblatex/bbx/numeric.bbx
File: numeric.bbx 2016/12/05 v3.7 biblatex bibliography style (PK/JW/AB)
Package biblatex Info: Trying to load bibliography style 'standard'...
Package biblatex Info: ... file 'standard.bbx' found.

(/usr/local/texlive/2017/texmf-dist/tex/latex/biblatex/bbx/standard.bbx
File: standard.bbx 2016/12/05 v3.7 biblatex bibliography style (PK/JW/AB)
\c@bbx:relatedcount=\count309
\c@bbx:relatedtotal=\count310
))
Package biblatex Info: Trying to load citation style 'numeric'...
Package biblatex Info: ... file 'numeric.cbx' found.

(/usr/local/texlive/2017/texmf-dist/tex/latex/biblatex/cbx/numeric.cbx
File: numeric.cbx 2016/12/05 v3.7 biblatex citation style (PK/JW/AB)
Package biblatex Info: Redefining '\cite'.
Package biblatex Info: Redefining '\parencite'.
Package biblatex Info: Redefining '\footcite'.
Package biblatex Info: Redefining '\footcitetext'.
Package biblatex Info: Redefining '\smartcite'.
Package biblatex Info: Redefining '\supercite'.
Package biblatex Info: Redefining '\textcite'.
Package biblatex Info: Redefining '\textcites'.
Package biblatex Info: Redefining '\cites'.
Package biblatex Info: Redefining '\parencites'.
Package biblatex Info: Redefining '\smartcites'.
)
Package biblatex Info: Trying to load configuration file...
Package biblatex Info: ... file 'biblatex.cfg' found.

(/usr/local/texlive/2017/texmf-dist/tex/latex/biblatex/biblatex.cfg
File: biblatex.cfg 
))
(/usr/local/texlive/2017/texmf-dist/tex/latex/comment/comment.sty
\CommentStream=\write5

Excluding comment 'comment')
(/usr/local/texlive/2017/texmf-dist/tex/latex/graphics/rotating.sty
Package: rotating 2016/08/11 v2.16d rotated objects in LaTeX

(/usr/local/texlive/2017/texmf-dist/tex/latex/graphics/graphicx.sty
Package: graphicx 2014/10/28 v1.0g Enhanced LaTeX Graphics (DPC,SPQR)

(/usr/local/texlive/2017/texmf-dist/tex/latex/graphics/graphics.sty
Package: graphics 2017/04/14 v1.1b Standard LaTeX Graphics (DPC,SPQR)

(/usr/local/texlive/2017/texmf-dist/tex/latex/graphics/trig.sty
Package: trig 2016/01/03 v1.10 sin cos tan (DPC)
)
(/usr/local/texlive/2017/texmf-dist/tex/latex/graphics-cfg/graphics.cfg
File: graphics.cfg 2016/06/04 v1.11 sample graphics configuration
)
Package graphics Info: Driver file: pdftex.def on input line 99.

(/usr/local/texlive/2017/texmf-dist/tex/latex/graphics-def/pdftex.def
File: pdftex.def 2017/01/12 v0.06k Graphics/color for pdfTeX
\Gread@gobject=\count311
))
\Gin@req@height=\dimen123
\Gin@req@width=\dimen124
)
\c@r@tfl@t=\count312
\rotFPtop=\skip73
\rotFPbot=\skip74
\rot@float@box=\box30
\rot@mess@toks=\toks29
)
(/usr/local/texlive/2017/texmf-dist/tex/latex/acronym/acronym.sty
Package: acronym 2015/03/21 v1.41 Support for acronyms (Tobias Oetiker)

(/usr/local/texlive/2017/texmf-dist/tex/latex/bigfoot/suffix.sty
Package: suffix 2006/07/15 1.5a Variant command support
)
\AC@clearlist=\toks30
)
(/usr/local/texlive/2017/texmf-dist/tex/latex/enumitem/enumitem.sty
Package: enumitem 2011/09/28 v3.5.2 Customized lists
\labelindent=\skip75
\enit@outerparindent=\dimen125
\enit@toks=\toks31
\enit@inbox=\box31
\enitdp@description=\count313
)
(/usr/local/texlive/2017/texmf-dist/tex/latex/booktabs/booktabs.sty
Package: booktabs 2016/04/27 v1.618033 publication quality tables
\heavyrulewidth=\dimen126
\lightrulewidth=\dimen127
\cmidrulewidth=\dimen128
\belowrulesep=\dimen129
\belowbottomsep=\dimen130
\aboverulesep=\dimen131
\abovetopsep=\dimen132
\cmidrulesep=\dimen133
\cmidrulekern=\dimen134
\defaultaddspace=\dimen135
\@cmidla=\count314
\@cmidlb=\count315
\@aboverulesep=\dimen136
\@belowrulesep=\dimen137
\@thisruleclass=\count316
\@lastruleclass=\count317
\@thisrulewidth=\dimen138
)
(/usr/local/texlive/2017/texmf-dist/tex/latex/tools/multicol.sty
Package: multicol 2017/04/11 v1.8q multicolumn formatting (FMi)
\c@tracingmulticols=\count318
\mult@box=\box32
\multicol@leftmargin=\dimen139
\c@unbalance=\count319
\c@collectmore=\count320
\doublecol@number=\count321
\multicoltolerance=\count322
\multicolpretolerance=\count323
\full@width=\dimen140
\page@free=\dimen141
\premulticols=\dimen142
\postmulticols=\dimen143
\multicolsep=\skip76
\multicolbaselineskip=\skip77
\partial@page=\box33
\last@line=\box34
\maxbalancingoverflow=\dimen144
\mult@rightbox=\box35
\mult@grightbox=\box36
\mult@gfirstbox=\box37
\mult@firstbox=\box38
\@tempa=\box39
\@tempa=\box40
\@tempa=\box41
\@tempa=\box42
\@tempa=\box43
\@tempa=\box44
\@tempa=\box45
\@tempa=\box46
\@tempa=\box47
\@tempa=\box48
\@tempa=\box49
\@tempa=\box50
\@tempa=\box51
\@tempa=\box52
\@tempa=\box53
\@tempa=\box54
\@tempa=\box55
\c@columnbadness=\count324
\c@finalcolumnbadness=\count325
\last@try=\dimen145
\multicolovershoot=\dimen146
\multicolundershoot=\dimen147
\mult@nat@firstbox=\box56
\colbreak@box=\box57
\mc@col@check@num=\count326
)
(/usr/local/texlive/2017/texmf-dist/tex/latex/makecell/makecell.sty
Package: makecell 2009/08/03 V0.1e Managing of Tab Column Heads and Cells

(/usr/local/texlive/2017/texmf-dist/tex/latex/tools/array.sty
Package: array 2016/10/06 v2.4d Tabular extension package (FMi)
\col@sep=\dimen148
\extrarowheight=\dimen149
\NC@list=\toks32
\extratabsurround=\skip78
\backup@length=\skip79
)
\rotheadsize=\dimen150
\c@nlinenum=\count327
\TeXr@lab=\toks33
)
(/usr/local/texlive/2017/texmf-dist/tex/latex/tools/tabularx.sty
Package: tabularx 2016/02/03 v2.11 `tabularx' package (DPC)
\TX@col@width=\dimen151
\TX@old@table=\dimen152
\TX@old@col=\dimen153
\TX@target=\dimen154
\TX@delta=\dimen155
\TX@cols=\count328
\TX@ftn=\toks34
)
(/usr/local/texlive/2017/texmf-dist/tex/latex/microtype/microtype.sty
Package: microtype 2016/05/14 v2.6a Micro-typographical refinements (RS)
\MT@toks=\toks35
\MT@count=\count329
LaTeX Info: Redefining \textls on input line 774.
\MT@outer@kern=\dimen156
LaTeX Info: Redefining \textmicrotypecontext on input line 1310.
\MT@listname@count=\count330

(/usr/local/texlive/2017/texmf-dist/tex/latex/microtype/microtype-pdftex.def
File: microtype-pdftex.def 2016/05/14 v2.6a Definitions specific to pdftex (RS)

LaTeX Info: Redefining \lsstyle on input line 916.
LaTeX Info: Redefining \lslig on input line 916.
\MT@outer@space=\skip80
)
Package microtype Info: Loading configuration file microtype.cfg.

(/usr/local/texlive/2017/texmf-dist/tex/latex/microtype/microtype.cfg
File: microtype.cfg 2016/05/14 v2.6a microtype main configuration file (RS)
))
(/usr/local/texlive/2017/texmf-dist/tex/latex/graphics/lscape.sty
Package: lscape 2000/10/22 v3.01 Landscape Pages (DPC)
)
(/usr/local/texlive/2017/texmf-dist/tex/latex/fundus-calligra/calligra.sty
Package: calligra 2012/04/10 v1.9 LaTeX package calligra
)
(/usr/local/texlive/2017/texmf-dist/tex/latex/xcolor/xcolor.sty
Package: xcolor 2016/05/11 v2.12 LaTeX color extensions (UK)

(/usr/local/texlive/2017/texmf-dist/tex/latex/graphics-cfg/color.cfg
File: color.cfg 2016/01/02 v1.6 sample color configuration
)
Package xcolor Info: Driver file: pdftex.def on input line 225.

(/usr/local/texlive/2017/texmf-dist/tex/latex/colortbl/colortbl.sty
Package: colortbl 2012/02/13 v1.0a Color table columns (DPC)
\everycr=\toks36
\minrowclearance=\skip81
)
\rownum=\count331
Package xcolor Info: Model `cmy' substituted by `cmy0' on input line 1348.
Package xcolor Info: Model `hsb' substituted by `rgb' on input line 1352.
Package xcolor Info: Model `RGB' extended on input line 1364.
Package xcolor Info: Model `HTML' substituted by `rgb' on input line 1366.
Package xcolor Info: Model `Hsb' substituted by `hsb' on input line 1367.
Package xcolor Info: Model `tHsb' substituted by `hsb' on input line 1368.
Package xcolor Info: Model `HSB' substituted by `hsb' on input line 1369.
Package xcolor Info: Model `Gray' substituted by `gray' on input line 1370.
Package xcolor Info: Model `wave' substituted by `hsb' on input line 1371.
)
(/usr/local/texlive/2017/texmf-dist/tex/latex/geometry/geometry.sty
Package: geometry 2010/09/12 v5.6 Page Geometry

(/usr/local/texlive/2017/texmf-dist/tex/generic/oberdiek/ifvtex.sty
Package: ifvtex 2016/05/16 v1.6 Detect VTeX and its facilities (HO)
Package ifvtex Info: VTeX not detected.
)
(/usr/local/texlive/2017/texmf-dist/tex/generic/ifxetex/ifxetex.sty
Package: ifxetex 2010/09/12 v0.6 Provides ifxetex conditional
)
\Gm@cnth=\count332
\Gm@cntv=\count333
\c@Gm@tempcnt=\count334
\Gm@bindingoffset=\dimen157
\Gm@wd@mp=\dimen158
\Gm@odd@mp=\dimen159
\Gm@even@mp=\dimen160
\Gm@layoutwidth=\dimen161
\Gm@layoutheight=\dimen162
\Gm@layouthoffset=\dimen163
\Gm@layoutvoffset=\dimen164
\Gm@dimlist=\toks37
)
(/usr/local/texlive/2017/texmf-dist/tex/latex/multirow/multirow.sty
Package: multirow 2016/11/25 v2.2 Span multiple rows of a table
\multirow@colwidth=\skip82
\multirow@cntb=\count335
\multirow@dima=\skip83
\bigstrutjot=\dimen165
)
(/usr/local/texlive/2017/texmf-dist/tex/latex/epigraph/epigraph.sty
Package: epigraph 2009/09/02 v1.5c typesetting epigraphs
\beforeepigraphskip=\skip84
\afterepigraphskip=\skip85
\epigraphwidth=\skip86
\epigraphrule=\skip87
)
(/usr/local/texlive/2017/texmf-dist/tex/latex/pdfpages/pdfpages.sty
Package: pdfpages 2017/01/14 v0.5h Insert pages of external PDF documents (AM)

(/usr/local/texlive/2017/texmf-dist/tex/latex/tools/calc.sty
Package: calc 2014/10/28 v4.3 Infix arithmetic (KKT,FJ)
\calc@Acount=\count336
\calc@Bcount=\count337
\calc@Adimen=\dimen166
\calc@Bdimen=\dimen167
\calc@Askip=\skip88
\calc@Bskip=\skip89
LaTeX Info: Redefining \setlength on input line 80.
LaTeX Info: Redefining \addtolength on input line 81.
\calc@Ccount=\count338
\calc@Cskip=\skip90
)
(/usr/local/texlive/2017/texmf-dist/tex/latex/eso-pic/eso-pic.sty
Package: eso-pic 2015/07/21 v2.0g eso-pic (RN)

(/usr/local/texlive/2017/texmf-dist/tex/generic/oberdiek/atbegshi.sty
Package: atbegshi 2016/06/09 v1.18 At begin shipout hook (HO)
))
\AM@pagewidth=\dimen168
\AM@pageheight=\dimen169

(/usr/local/texlive/2017/texmf-dist/tex/latex/pdfpages/pppdftex.def
File: pppdftex.def 2017/01/14 v0.5h Pdfpages driver for pdfTeX (AM)
)
\AM@pagebox=\box58
\AM@global@opts=\toks38
\AM@toc@title=\toks39
\c@AM@survey=\count339
\AM@templatesizebox=\box59
)
Package biblatex Info: Trying to load language 'english'...
Package biblatex Info: ... file 'english.lbx' found.

(/usr/local/texlive/2017/texmf-dist/tex/latex/biblatex/lbx/english.lbx
File: english.lbx 2016/12/05 v3.7 biblatex localization (PK/JW/AB)
)
Package biblatex Info: Trying to load language 'french'...
Package biblatex Info: ... file 'french.lbx' found.

(/usr/local/texlive/2017/texmf-dist/tex/latex/biblatex/lbx/french.lbx
File: french.lbx 2016/12/05 v3.7 biblatex localization (PK/JW/AB)
)

Package biblatex Warning: 'babel/polyglossia' detected but 'csquotes' missing.
(biblatex)                Loading 'csquotes' recommended.

\@quotelevel=\count340
\@quotereset=\count341
(./memoire.aux)
\openout1 = `memoire.aux'.

LaTeX Font Info:    Checking defaults for OML/cmm/m/it on input line 55.
LaTeX Font Info:    ... okay on input line 55.
LaTeX Font Info:    Checking defaults for T1/cmr/m/n on input line 55.
LaTeX Font Info:    ... okay on input line 55.
LaTeX Font Info:    Checking defaults for OT1/cmr/m/n on input line 55.
LaTeX Font Info:    ... okay on input line 55.
LaTeX Font Info:    Checking defaults for OMS/cmsy/m/n on input line 55.
LaTeX Font Info:    ... okay on input line 55.
LaTeX Font Info:    Checking defaults for OMX/cmex/m/n on input line 55.
LaTeX Font Info:    ... okay on input line 55.
LaTeX Font Info:    Checking defaults for U/cmr/m/n on input line 55.
LaTeX Font Info:    ... okay on input line 55.
LaTeX Info: Redefining \degres on input line 55.
LaTeX Info: Redefining \dots on input line 55.
LaTeX Info: Redefining \up on input line 55.
Package caption Info: Begin \AtBeginDocument code.
Package caption Info: subfig package v1.3 is loaded.
Package caption Info: float package is loaded.
Package caption Info: rotating package is loaded.
Package caption Info: End \AtBeginDocument code.
Package biblatex Info: Input encoding 'utf8' detected.
Package biblatex Info: Automatic encoding selection.
(biblatex)             Assuming data encoding 'utf8'.
Package biblatex Info: Input encoding 'utf8' specified.
Package biblatex Info: Data encoding 'utf8' specified.
(biblatex)             No need to reencode data.
\openout4 = `memoire-blx.bib'.

Package biblatex Info: Trying to load bibliographic data...
Package biblatex Info: ... file 'memoire.bbl' found.
 (./memoire.bbl

Package biblatex Warning: Biber reported the following issues
(biblatex)                with 'differenceMLDM2':
(biblatex)                - Invalid format of field 'date' 
(biblatex)                - Invalid format of field 'date'.


Package biblatex Warning: Biber reported the following issues
(biblatex)                with 'differenceMLDMStack':
(biblatex)                - Invalid format of field 'date' 
(biblatex)                - Invalid format of field 'date'.


Package biblatex Warning: Biber reported the following issues
(biblatex)                with 'LevStack':
(biblatex)                - Invalid format of field 'date' 
(biblatex)                - Invalid format of field 'date'.


Package biblatex Warning: Biber reported the following issues
(biblatex)                with 'OneHotEncoding':
(biblatex)                - Invalid format of field 'date' 
(biblatex)                - Invalid format of field 'date'.

)
Package biblatex Info: Reference section=0 on input line 55.
Package biblatex Info: Reference segment=0 on input line 55.
 (/usr/local/texlive/2017/texmf-dist/tex/context/base/mkii/supp-pdf.mkii
[Loading MPS to PDF converter (version 2006.09.02).]
\scratchcounter=\count342
\scratchdimen=\dimen170
\scratchbox=\box60
\nofMPsegments=\count343
\nofMParguments=\count344
\everyMPshowfont=\toks40
\MPscratchCnt=\count345
\MPscratchDim=\dimen171
\MPnumerator=\count346
\makeMPintoPDFobject=\count347
\everyMPtoPDFconversion=\toks41
) (/usr/local/texlive/2017/texmf-dist/tex/latex/oberdiek/epstopdf-base.sty
Package: epstopdf-base 2016/05/15 v2.6 Base part for package epstopdf

(/usr/local/texlive/2017/texmf-dist/tex/latex/oberdiek/grfext.sty
Package: grfext 2016/05/16 v1.2 Manage graphics extensions (HO)

(/usr/local/texlive/2017/texmf-dist/tex/generic/oberdiek/kvdefinekeys.sty
Package: kvdefinekeys 2016/05/16 v1.4 Define keys (HO)
))
Package epstopdf-base Info: Redefining graphics rule for `.eps' on input line 4
38.
Package grfext Info: Graphics extension search list:
(grfext)             [.png,.pdf,.jpg,.mps,.jpeg,.jbig2,.jb2,.PNG,.PDF,.JPG,.JPE
G,.JBIG2,.JB2,.eps]
(grfext)             \AppendGraphicsExtensions on input line 456.

(/usr/local/texlive/2017/texmf-dist/tex/latex/latexconfig/epstopdf-sys.cfg
File: epstopdf-sys.cfg 2010/07/13 v1.3 Configuration of (r)epstopdf for TeX Liv
e
))
LaTeX Info: Redefining \microtypecontext on input line 55.
Package microtype Info: Generating PDF output.
Package microtype Info: Character protrusion enabled (level 2).
Package microtype Info: Using default protrusion set `alltext'.
Package microtype Info: Automatic font expansion enabled (level 2),
(microtype)             stretch: 20, shrink: 20, step: 1, non-selected.
Package microtype Info: Using default expansion set `basictext'.
Package microtype Info: No adjustment of tracking.
Package microtype Info: No adjustment of interword spacing.
Package microtype Info: No adjustment of character kerning.

(/usr/local/texlive/2017/texmf-dist/tex/latex/microtype/mt-cmr.cfg
File: mt-cmr.cfg 2013/05/19 v2.2 microtype config. file: Computer Modern Roman 
(RS)
)
*geometry* driver: auto-detecting
*geometry* detected driver: pdftex
*geometry* verbose mode - [ preamble ] result:
* driver: pdftex
* paper: a4paper
* layout: <same size as paper>
* layoutoffset:(h,v)=(0.0pt,0.0pt)
* modes: 
* h-part:(L,W,R)=(71.13188pt, 455.24411pt, 71.13188pt)
* v-part:(T,H,B)=(71.13188pt, 702.78308pt, 71.13188pt)
* \paperwidth=597.50787pt
* \paperheight=845.04684pt
* \textwidth=455.24411pt
* \textheight=702.78308pt
* \oddsidemargin=-1.1381pt
* \evensidemargin=-1.1381pt
* \topmargin=-38.1381pt
* \headheight=12.0pt
* \headsep=25.0pt
* \topskip=12.0pt
* \footskip=30.0pt
* \marginparwidth=35.0pt
* \marginparsep=10.0pt
* \columnsep=10.0pt
* \skip\footins=10.8pt plus 4.0pt minus 2.0pt
* \hoffset=0.0pt
* \voffset=0.0pt
* \mag=1000
* \@twocolumnfalse
* \@twosidefalse
* \@mparswitchfalse
* \@reversemarginfalse
* (1in=72.27pt=25.4mm, 1cm=28.453pt)

\AtBeginShipoutBox=\box61
(/usr/local/texlive/2017/texmf-dist/tex/latex/oberdiek/pdflscape.sty
Package: pdflscape 2016/05/14 v0.11 Display of landscape pages in PDF (HO)
Package pdflscape Info: Auto-detected driver: pdftex on input line 81.
)
<cover_page.pdf, id=1, 614.295pt x 794.97pt>
File: cover_page.pdf Graphic file (type pdf)
 <use cover_page.pdf>
Package pdftex.def Info: cover_page.pdf used on input line 56.
(pdftex.def)             Requested size: 614.29349pt x 794.96806pt.
File: cover_page.pdf Graphic file (type pdf)

<use cover_page.pdf>
Package pdftex.def Info: cover_page.pdf used on input line 56.
(pdftex.def)             Requested size: 614.29349pt x 794.96806pt.
 <cover_page.pdf, id=4, page=1, 614.295pt x 794.97pt>
File: cover_page.pdf Graphic file (type pdf)

<use cover_page.pdf, page 1>
Package pdftex.def Info: cover_page.pdf, page1 used on input line 56.
(pdftex.def)             Requested size: 614.29349pt x 794.96806pt.
File: cover_page.pdf Graphic file (type pdf)
 <use cover_page.pdf, page 1>
Package pdftex.def Info: cover_page.pdf, page1 used on input line 56.
(pdftex.def)             Requested size: 597.78697pt x 773.60669pt.
File: cover_page.pdf Graphic file (type pdf)

<use cover_page.pdf, page 1>
Package pdftex.def Info: cover_page.pdf, page1 used on input line 56.
(pdftex.def)             Requested size: 597.78697pt x 773.60669pt.
File: cover_page.pdf Graphic file (type pdf)
 <use cover_page.pdf, page 1>
Package pdftex.def Info: cover_page.pdf, page1 used on input line 56.
(pdftex.def)             Requested size: 597.78697pt x 773.60669pt.
File: cover_page.pdf Graphic file (type pdf)

<use cover_page.pdf, page 1>
Package pdftex.def Info: cover_page.pdf, page1 used on input line 56.
(pdftex.def)             Requested size: 597.78697pt x 773.60669pt.
 [1


 <./cover_page.pdf>] (./text/epigraph.tex)
[1{/usr/local/texlive/2017/texmf-var/fonts/map/pdftex/updmap/pdftex.map}]
(./text/In_memoriam.tex) [2

] (./text/dedicaces.tex) [3

]
(./text/remerciements.tex
Underfull \hbox (badness 10000) in paragraph at lines 9--10

 []

)
Underfull \hbox (badness 10000) in paragraph at lines 22--61

 []

[4

] (./text/resume.tex
Package acronym Info: Label `acro:CRISP-DM' newly defined as it shall be overri
dden
although it is yet undefined on input line 23.
Package acronym Info: Label `acro:SVM' newly defined as it shall be overridden
although it is yet undefined on input line 32.
Package acronym Info: Label `acro:RMSE' newly defined as it shall be overridden

although it is yet undefined on input line 33.
 [5

]) [6] (./text/abstract.tex
Package acronym Info: Label `acro:UAT' newly defined as it shall be overridden
although it is yet undefined on input line 11.
Package acronym Info: Label `acro:ULPGL' newly defined as it shall be overridde
n
although it is yet undefined on input line 11.
Package acronym Info: Label `acro:ANOVA' newly defined as it shall be overridde
n
although it is yet undefined on input line 13.
Package acronym Info: Label `acro:CGPA' newly defined as it shall be overridden

although it is yet undefined on input line 13.
) [7

]
(./text/abreviation.tex [8

]) [9] (./text/introduction.tex [1

] [2

]
Package acronym Info: Label `acro:REST' newly defined as it shall be overridden

although it is yet undefined on input line 35.
 [3]) [4]
(./text/firstChapiter.tex
Chapitre 1.
[5


] [6]) [7] (./text/RegressionLineaire.tex
<fig/linear_regression_1.png, id=121, 433.62pt x 289.08pt>
File: fig/linear_regression_1.png Graphic file (type png)

<use fig/linear_regression_1.png>
Package pdftex.def Info: fig/linear_regression_1.png used on input line 26.
(pdftex.def)             Requested size: 227.62206pt x 151.74721pt.

Underfull \hbox (badness 10000) in paragraph at lines 35--37

 []

<fig/poly_regression.png, id=123, 2168.1pt x 1084.05pt>
File: fig/poly_regression.png Graphic file (type png)

<use fig/poly_regression.png>
Package pdftex.def Info: fig/poly_regression.png used on input line 45.
(pdftex.def)             Requested size: 227.62206pt x 113.80379pt.
 [8

 <./fig/linear_regression_1.png>]
<fig/Cost_vs_iterations.png, id=133, 722.7pt x 361.35pt>
File: fig/Cost_vs_iterations.png Graphic file (type png)

<use fig/Cost_vs_iterations.png>
Package pdftex.def Info: fig/Cost_vs_iterations.png used on input line 87.
(pdftex.def)             Requested size: 227.62206pt x 113.80931pt.
 [9 <./fig/poly_regression.png> <./fig/Cost_vs_iterations.png>]) [10] (./text/R
egressionLogistique.tex
<fig/FonctionSigm.png, id=147, 273.27094pt x 159.59625pt>
File: fig/FonctionSigm.png Graphic file (type png)

<use fig/FonctionSigm.png>
Package pdftex.def Info: fig/FonctionSigm.png used on input line 31.
(pdftex.def)             Requested size: 227.62206pt x 132.93727pt.
 [11

 <./fig/FonctionSigm.png>]
<fig/DecisionBoudary.png, id=153, 578.16pt x 433.62pt>
File: fig/DecisionBoudary.png Graphic file (type png)

<use fig/DecisionBoudary.png>
Package pdftex.def Info: fig/DecisionBoudary.png used on input line 67.
(pdftex.def)             Requested size: 273.14923pt x 204.86006pt.

<fig/ErreurRegressionLogistique.png, id=154, 578.16pt x 433.62pt>
File: fig/ErreurRegressionLogistique.png Graphic file (type png)

<use fig/ErreurRegressionLogistique.png>
Package pdftex.def Info: fig/ErreurRegressionLogistique.png used on input line 
96.
(pdftex.def)             Requested size: 182.09486pt x 136.57117pt.

<fig/ErreurRegressionLogistique2.png, id=155, 578.16pt x 433.62pt>
File: fig/ErreurRegressionLogistique2.png Graphic file (type png)

<use fig/ErreurRegressionLogistique2.png>
Package pdftex.def Info: fig/ErreurRegressionLogistique2.png used on input line
 98.
(pdftex.def)             Requested size: 182.09486pt x 136.57117pt.

<fig/underfitting2.png, id=156, 1011.78pt x 361.35pt>
File: fig/underfitting2.png Graphic file (type png)

<use fig/underfitting2.png>
Package pdftex.def Info: fig/underfitting2.png used on input line 119.
(pdftex.def)             Requested size: 409.71692pt x 146.3294pt.

Underfull \hbox (badness 10000) in paragraph at lines 115--122

 []

[12 <./fig/DecisionBoudary.png>] [13 <./fig/ErreurRegressionLogistique.png> <./
fig/ErreurRegressionLogistique2.png> <./fig/underfitting2.png>]) [14]
(./text/NeuralNetwork.tex <fig/Neurone.png, id=171, 330.63525pt x 162.6075pt>
File: fig/Neurone.png Graphic file (type png)

<use fig/Neurone.png>
Package pdftex.def Info: fig/Neurone.png used on input line 24.
(pdftex.def)             Requested size: 227.62206pt x 111.94621pt.
 [15

 <./fig/Neurone.png>]
<fig/SimpleANN.png, id=176, 215.6055pt x 121.6545pt>
File: fig/SimpleANN.png Graphic file (type png)
 <use fig/SimpleANN.png>
Package pdftex.def Info: fig/SimpleANN.png used on input line 50.
(pdftex.def)             Requested size: 227.62206pt x 128.4408pt.

<fig/FullNeural.png, id=177, 173.448pt x 86.724pt>
File: fig/FullNeural.png Graphic file (type png)
 <use fig/FullNeural.png>
Package pdftex.def Info: fig/FullNeural.png used on input line 65.
(pdftex.def)             Requested size: 227.62206pt x 113.817pt.

<fig/NeuralNtwork2.png, id=178, 252.19218pt x 162.6075pt>
File: fig/NeuralNtwork2.png Graphic file (type png)

<use fig/NeuralNtwork2.png>
Package pdftex.def Info: fig/NeuralNtwork2.png used on input line 86.
(pdftex.def)             Requested size: 227.62206pt x 146.7672pt.

Underfull \hbox (badness 10000) in paragraph at lines 81--95

 []

[16 <./fig/SimpleANN.png> <./fig/FullNeural.png>]
Underfull \hbox (badness 10000) in paragraph at lines 96--97

 []


LaTeX Font Warning: Command \LARGE invalid in math mode on input line 121.

[17 <./fig/NeuralNtwork2.png>]

LaTeX Font Warning: Command \LARGE invalid in math mode on input line 131.


Overfull \hbox (69.73044pt too wide) in paragraph at lines 135--136
[]$\OML/cmm/m/it/12 J [] \OT1/cmr/m/n/12 (-20) = [][[][] [][] \OMS/cmsy/m/n/12 
^^@\OML/cmm/m/it/12 y[] []\OT1/cmr/m/n/12 (-20) [(\OML/cmm/m/it/12 h[] []\OT1/c
mr/m/n/12 (-20) )[]] \OMS/cmsy/m/n/12 ^^@ \OT1/cmr/m/n/12 (-20) (1 \OMS/cmsy/m/
n/12 ^^@ \OML/cmm/m/it/12 y[]\OT1/cmr/m/n/12 (-20) ) [][1 \OMS/cmsy/m/n/12 ^^@ 
\OT1/cmr/m/n/12 (-20) (\OML/cmm/m/it/12 h[] []\OT1/cmr/m/n/12 (-20) )[]] + \OML
/cmm/m/it/12 ^^U [][] [][] [][] []\OT1/cmr/m/n/12 (-20) ]$ 
 []


Underfull \hbox (badness 10000) in paragraph at lines 135--136

 []

Excluding 'comment' comment. [18]) [19] (./text/SupporVectorMachine.tex
<fig/SVNDecisionBoundary1.png, id=194, 273.27094pt x 265.74281pt>
File: fig/SVNDecisionBoundary1.png Graphic file (type png)

<use fig/SVNDecisionBoundary1.png>
Package pdftex.def Info: fig/SVNDecisionBoundary1.png used on input line 7.
(pdftex.def)             Requested size: 136.57462pt x 132.8143pt.

<fig/SVNDecisionBoundary2.png, id=195, 264.23718pt x 241.65282pt>
File: fig/SVNDecisionBoundary2.png Graphic file (type png)

<use fig/SVNDecisionBoundary2.png>
Package pdftex.def Info: fig/SVNDecisionBoundary2.png used on input line 9.
(pdftex.def)             Requested size: 136.57462pt x 124.90059pt.

<fig/SVNDecisionBoundary3.png, id=196, 269.50688pt x 245.41687pt>
File: fig/SVNDecisionBoundary3.png Graphic file (type png)

<use fig/SVNDecisionBoundary3.png>
Package pdftex.def Info: fig/SVNDecisionBoundary3.png used on input line 11.
(pdftex.def)             Requested size: 136.57462pt x 124.36705pt.

<fig/SVN2D.png, id=197, 441.90094pt x 282.30469pt>
File: fig/SVN2D.png Graphic file (type png)
 <use fig/SVN2D.png>
Package pdftex.def Info: fig/SVN2D.png used on input line 28.
(pdftex.def)             Requested size: 227.62206pt x 145.41652pt.
 [20

 <./fig/SVNDecisionBoundary1.png> <./fig/SVNDecisionBoundary2.png> <./fig/SVNDe
cisionBoundary3.png>]

LaTeX Font Warning: Command \Large invalid in math mode on input line 54.


LaTeX Font Warning: Command \Large invalid in math mode on input line 62.


Underfull \hbox (badness 10000) in paragraph at lines 57--66

 []

[21 <./fig/SVN2D.png>]
<fig/NonLinearDecisionBoudary.png, id=205, 602.25pt x 451.6875pt>
File: fig/NonLinearDecisionBoudary.png Graphic file (type png)

<use fig/NonLinearDecisionBoudary.png>
Package pdftex.def Info: fig/NonLinearDecisionBoudary.png used on input line 81
.
(pdftex.def)             Requested size: 227.62206pt x 170.71947pt.


LaTeX Warning: Citation '8' on page 22 undefined on input line 85.

<fig/NonLinearDecisionBoudary2.png, id=206, 1198.4775pt x 560.0925pt>
File: fig/NonLinearDecisionBoudary2.png Graphic file (type png)

<use fig/NonLinearDecisionBoudary2.png>
Package pdftex.def Info: fig/NonLinearDecisionBoudary2.png used on input line 8
8.
(pdftex.def)             Requested size: 227.62206pt x 106.37595pt.

Underfull \hbox (badness 10000) in paragraph at lines 78--95

 []


LaTeX Font Warning: Command \large invalid in math mode on input line 96.


LaTeX Font Warning: Command \large invalid in math mode on input line 98.


LaTeX Font Warning: Command \large invalid in math mode on input line 100.


LaTeX Font Warning: Command \large invalid in math mode on input line 101.


LaTeX Font Warning: Command \large invalid in math mode on input line 102.


Underfull \hbox (badness 10000) in paragraph at lines 98--103

 []

[22 <./fig/NonLinearDecisionBoudary.png> <./fig/NonLinearDecisionBoudary2.png>]

LaTeX Font Warning: Command \large invalid in math mode on input line 117.


LaTeX Font Warning: Command \large invalid in math mode on input line 123.

) [23] (./text/TreeBasedAlgorithms.tex
Package acronym Info: Label `acro:CHAID' newly defined as it shall be overridde
n
although it is yet undefined on input line 14.

Underfull \hbox (badness 10000) in paragraph at lines 19--23

 []

[24

] [25]
Underfull \hbox (badness 10000) in paragraph at lines 72--74

 []

) [26] (./text/Methodologie_CRISP.tex
<fig/CRISP_tb.png, id=225, 210.7875pt x 206.27063pt>
File: fig/CRISP_tb.png Graphic file (type png)
 <use fig/CRISP_tb.png>
Package pdftex.def Info: fig/CRISP_tb.png used on input line 5.
(pdftex.def)             Requested size: 227.62206pt x 222.75006pt.

[27

 <./fig/CRISP_tb.png>]) [28] (./text/secondChapiter.tex
Chapitre 2.
Package acronym Info: Label `acro:UNAF' newly defined as it shall be overridden

although it is yet undefined on input line 4.
[29


]
Package acronym Info: Label `acro:RDC' newly defined as it shall be overridden
although it is yet undefined on input line 16.

Underfull \hbox (badness 10000) in paragraph at lines 18--19

 []

[30] [31]
LaTeX Font Info:    Try loading font information for OMS+cmr on input line 46.
 (/usr/local/texlive/2017/texmf-dist/tex/latex/base/omscmr.fd
File: omscmr.fd 2014/09/29 v2.5h Standard LaTeX font definitions
)
LaTeX Font Info:    Font shape `OMS/cmr/m/n' in size <12> not available
(Font)              Font shape `OMS/cmsy/m/n' tried instead on input line 46.

Underfull \hbox (badness 10000) in paragraph at lines 50--51

 []

Package acronym Info: Label `acro:RIP' newly defined as it shall be overridden
although it is yet undefined on input line 57.
[32]
Underfull \hbox (badness 10000) in paragraph at lines 74--76

 []


Underfull \hbox (badness 10000) in paragraph at lines 86--89

 []


Underfull \hbox (badness 10000) in paragraph at lines 100--102

 []

[33]
Package acronym Info: Label `acro:INAPS' newly defined as it shall be overridde
n
although it is yet undefined on input line 123.
) [34] (./text/chapter3.tex
Chapitre 3.
Package acronym Info: Label `acro:CSV' newly defined as it shall be overridden
although it is yet undefined on input line 10.
<fig/Exploration.png, id=253, 461.47406pt x 365.86688pt>
File: fig/Exploration.png Graphic file (type png)

<use fig/Exploration.png>
Package pdftex.def Info: fig/Exploration.png used on input line 35.
(pdftex.def)             Requested size: 227.62206pt x 180.46544pt.
 [35


]
Package acronym Info: Label `acro:SQL' newly defined as it shall be overridden
although it is yet undefined on input line 64.

Underfull \hbox (badness 10000) in paragraph at lines 59--68

 []

[36 <./fig/Exploration.png>] [37] [38]
Package acronym Info: Label `acro:DM' newly defined as it shall be overridden
although it is yet undefined on input line 183.
Package acronym Info: Label `acro:MCAR' newly defined as it shall be overridden

although it is yet undefined on input line 205.
Package acronym Info: Label `acro:MAR' newly defined as it shall be overridden
although it is yet undefined on input line 206.
Package acronym Info: Label `acro:MNAR' newly defined as it shall be overridden

although it is yet undefined on input line 207.
 [39]
Package acronym Info: Label `acro:AA' newly defined as it shall be overridden
although it is yet undefined on input line 227.
 [40]
Overfull \hbox (21.39357pt too wide) in paragraph at lines 309--310
[]\T1/cmr/m/n/12 (-20) On les re-jette et on ap-plique en-suite une des m-thod
es d'im-pu-ta-tion (moyenne,mdiane...)
 []

<fig/AGEPlot1.png, id=274, 350.30875pt x 262.9825pt>
File: fig/AGEPlot1.png Graphic file (type png)
 <use fig/AGEPlot1.png>
Package pdftex.def Info: fig/AGEPlot1.png used on input line 346.
(pdftex.def)             Requested size: 227.62206pt x 170.88441pt.

<fig/PercetagePlot.png, id=275, 350.30875pt x 262.9825pt>
File: fig/PercetagePlot.png Graphic file (type png)

<use fig/PercetagePlot.png>
Package pdftex.def Info: fig/PercetagePlot.png used on input line 353.
(pdftex.def)             Requested size: 227.62206pt x 170.88441pt.
 [41] [42 <./fig/AGEPlot1.png> <./fig/PercetagePlot.png>]
Overfull \hbox (240.92097pt too wide) in paragraph at lines 416--431
 [][] 
 []

[43]
Overfull \hbox (8.77252pt too wide) in paragraph at lines 451--466
 [][] 
 []

[44] <fig/DataExploration.png, id=290, 426.59375pt x 155.58125pt>
File: fig/DataExploration.png Graphic file (type png)

<use fig/DataExploration.png>
Package pdftex.def Info: fig/DataExploration.png used on input line 510.
(pdftex.def)             Requested size: 227.62206pt x 83.01791pt.
Package acronym Info: Label `acro:EXETAT' newly defined as it shall be overridd
en
although it is yet undefined on input line 524.
 <fig/AGE.png, id=291, 433.62pt x 289.08pt>
File: fig/AGE.png Graphic file (type png)

<use fig/AGE.png>
Package pdftex.def Info: fig/AGE.png used on input line 555.
(pdftex.def)             Requested size: 182.09486pt x 121.39511pt.
 <fig/AGEDist.png, id=292, 433.62pt x 289.08pt>
File: fig/AGEDist.png Graphic file (type png)

<use fig/AGEDist.png>
Package pdftex.def Info: fig/AGEDist.png used on input line 557.
(pdftex.def)             Requested size: 182.09486pt x 121.39511pt.
 [45 <./fig/DataExploration.png>]
<fig/dipomePourcentage.png, id=297, 433.62pt x 289.08pt>
File: fig/dipomePourcentage.png Graphic file (type png)

<use fig/dipomePourcentage.png>
Package pdftex.def Info: fig/dipomePourcentage.png used on input line 566.
(pdftex.def)             Requested size: 182.09486pt x 121.39511pt.

<fig/diplomePercentageDis.png, id=298, 433.62pt x 289.08pt>
File: fig/diplomePercentageDis.png Graphic file (type png)

<use fig/diplomePercentageDis.png>
Package pdftex.def Info: fig/diplomePercentageDis.png used on input line 568.
(pdftex.def)             Requested size: 182.09486pt x 121.39511pt.
 <fig/NAME.png, id=299, 433.62pt x 289.08pt>
File: fig/NAME.png Graphic file (type png)

<use fig/NAME.png>
Package pdftex.def Info: fig/NAME.png used on input line 575.
(pdftex.def)             Requested size: 227.62206pt x 151.74721pt.
 <fig/SCHOOLSTATUS.png, id=300, 1445.4pt x 433.62pt>
File: fig/SCHOOLSTATUS.png Graphic file (type png)

<use fig/SCHOOLSTATUS.png>
Package pdftex.def Info: fig/SCHOOLSTATUS.png used on input line 585.
(pdftex.def)             Requested size: 597.50787pt x 179.25421pt.
 <fig/OPTION_RIGHT.png, id=301, 2168.1pt x 722.7pt>
File: fig/OPTION_RIGHT.png Graphic file (type png)

<use fig/OPTION_RIGHT.png>
Package pdftex.def Info: fig/OPTION_RIGHT.png used on input line 599.
(pdftex.def)             Requested size: 597.50787pt x 199.16766pt.
 [46 <./fig/AGE.png> <./fig/AGEDist.png>] [47 <./fig/dipomePourcentage.png> <./
fig/diplomePercentageDis.png> <./fig/NAME.png> <./fig/SCHOOLSTATUS.png>] <fig/S
CHOOL_RIGHT.png, id=314, 2168.1pt x 361.35pt>
File: fig/SCHOOL_RIGHT.png Graphic file (type png)

<use fig/SCHOOL_RIGHT.png>
Package pdftex.def Info: fig/SCHOOL_RIGHT.png used on input line 618.
(pdftex.def)             Requested size: 597.50787pt x 99.58383pt.

<fig/SCHOOLPROVINCE.png, id=315, 2168.1pt x 578.16pt>
File: fig/SCHOOLPROVINCE.png Graphic file (type png)

<use fig/SCHOOLPROVINCE.png>
Package pdftex.def Info: fig/SCHOOLPROVINCE.png used on input line 632.
(pdftex.def)             Requested size: 597.50787pt x 159.33414pt.
 <fig/FAC.png, id=316, 2168.1pt x 361.35pt>
File: fig/FAC.png Graphic file (type png)

<use fig/FAC.png>
Package pdftex.def Info: fig/FAC.png used on input line 644.
(pdftex.def)             Requested size: 597.50787pt x 99.58383pt.
 [48 <./fig/OPTION_RIGHT.png> <./fig/SCHOOL_RIGHT.png>]
[49 <./fig/SCHOOLPROVINCE.png> <./fig/FAC.png>] [50]

LaTeX Warning: No positions in optional float specifier.
               Default added (so using `tbp') on input line 759.


LaTeX Warning: Reference `lfig:ANOVAb' on page 51 undefined on input line 784.

<fig/AGE-FAC.png, id=330, 867.24pt x 433.62pt>
File: fig/AGE-FAC.png Graphic file (type png)
 <use fig/AGE-FAC.png>
Package pdftex.def Info: fig/AGE-FAC.png used on input line 787.
(pdftex.def)             Requested size: 364.19667pt x 182.0993pt.

<fig/AGE-POURC.png, id=331, 867.24pt x 433.62pt>
File: fig/AGE-POURC.png Graphic file (type png)
 <use fig/AGE-POURC.png>
Package pdftex.def Info: fig/AGE-POURC.png used on input line 815.
(pdftex.def)             Requested size: 364.19667pt x 182.0993pt.

[51] [52 <./fig/AGE-FAC.png> <./fig/AGE-POURC.png>] [53]
Underfull \hbox (badness 10000) in paragraph at lines 892--892
[]|\T1/cmr/bx/n/12 Pearson-
 []


Underfull \hbox (badness 6204) in paragraph at lines 892--892
[]|\T1/cmr/m/n/12 (+20) Pas de re-la-tion
 []


Underfull \hbox (badness 10000) in paragraph at lines 892--892
[]|\T1/cmr/bx/n/12 Pearson-
 []


Underfull \hbox (badness 6204) in paragraph at lines 892--892
[]|\T1/cmr/m/n/12 (+20) Pas de re-la-tion
 []


Underfull \hbox (badness 10000) in paragraph at lines 892--892
[]|\T1/cmr/bx/n/12 ANOVA
 []


Underfull \hbox (badness 10000) in paragraph at lines 892--892
[]|\T1/cmr/bx/n/12 ANOVA
 []


Underfull \hbox (badness 7944) in paragraph at lines 892--892
\T1/cmr/m/n/12 (+20) mme Pour les
 []


Underfull \hbox (badness 10000) in paragraph at lines 892--892
[]|\T1/cmr/bx/n/12 ANOVA
 []


Underfull \hbox (badness 5622) in paragraph at lines 892--892
\T1/cmr/m/n/12 (+20) les moyenne ne
 []


Underfull \hbox (badness 10000) in paragraph at lines 892--892
[]|\T1/cmr/bx/n/12 ANOVA
 []


Underfull \hbox (badness 10000) in paragraph at lines 892--892
\T1/cmr/m/n/12 (+20) pas l'hy-po-thse
 []


Underfull \hbox (badness 7631) in paragraph at lines 892--892
\T1/cmr/m/n/12 (+20) nulle im-m-dia-te-
 []


LaTeX Warning: Float too large for page by 39.00859pt on input line 894.


Underfull \hbox (badness 10000) in paragraph at lines 924--924
[]|\T1/cmr/bx/n/12 Pearson-
 []


Underfull \hbox (badness 6204) in paragraph at lines 924--924
[]|\T1/cmr/m/n/12 (+20) Pas de re-la-tion
 []


Underfull \hbox (badness 10000) in paragraph at lines 924--924
[]|\T1/cmr/bx/n/12 Pearson-
 []


Underfull \hbox (badness 6204) in paragraph at lines 924--924
[]|\T1/cmr/m/n/12 (+20) Pas de re-la-tion
 []


Underfull \hbox (badness 10000) in paragraph at lines 924--924
[]|\T1/cmr/bx/n/12 ANOVA
 []


Underfull \hbox (badness 7944) in paragraph at lines 924--924
\T1/cmr/m/n/12 (+20) mme Pour les
 []


Underfull \hbox (badness 5189) in paragraph at lines 924--924
\T1/cmr/m/n/12 (+20) des Hommes et
 []


Overfull \hbox (16.14606pt too wide) in paragraph at lines 924--924
[]|\T1/cmr/bx/n/12 PROVINCE| 
 []


Underfull \hbox (badness 10000) in paragraph at lines 924--924
[]|\T1/cmr/bx/n/12 ANOVA
 []


Underfull \hbox (badness 10000) in paragraph at lines 924--924
[]|\T1/cmr/m/n/12 (+20) >  0.05 On
 []


Underfull \hbox (badness 10000) in paragraph at lines 924--924
[]|\T1/cmr/bx/n/12 ANOVA
 []


Underfull \hbox (badness 10000) in paragraph at lines 924--924
[]|\T1/cmr/bx/n/12 ANOVA
 []


Underfull \hbox (badness 5622) in paragraph at lines 924--924
\T1/cmr/m/n/12 (+20) les moyenne ne
 []


Underfull \hbox (badness 10000) in paragraph at lines 924--924
[]|\T1/cmr/bx/n/12 ANOVA
 []


Underfull \hbox (badness 5622) in paragraph at lines 924--924
\T1/cmr/m/n/12 (+20) les moyenne ne
 []


LaTeX Warning: Float too large for page by 39.00291pt on input line 926.


Underfull \hbox (badness 10000) in paragraph at lines 955--955
[]|\T1/cmr/bx/n/12 Pearson-
 []


Underfull \hbox (badness 6204) in paragraph at lines 955--955
[]|\T1/cmr/m/n/12 (+20) Pas de re-la-tion
 []


Underfull \hbox (badness 10000) in paragraph at lines 955--955
[]|\T1/cmr/bx/n/12 Pearson-
 []


Underfull \hbox (badness 6204) in paragraph at lines 955--955
[]|\T1/cmr/m/n/12 (+20) Pas de re-la-tion
 []


Underfull \hbox (badness 10000) in paragraph at lines 955--955
[]|\T1/cmr/bx/n/12 ANOVA
 []


Underfull \hbox (badness 7944) in paragraph at lines 955--955
\T1/cmr/m/n/12 (+20) mme Pour les
 []


Underfull \hbox (badness 1436) in paragraph at lines 955--955
\T1/cmr/m/n/12 (+20) Hommes et 46%
 []


Overfull \hbox (16.14606pt too wide) in paragraph at lines 955--955
[]|\T1/cmr/bx/n/12 PROVINCE| 
 []


Underfull \hbox (badness 10000) in paragraph at lines 955--955
[]|\T1/cmr/bx/n/12 ANOVA
 []


Underfull \hbox (badness 10000) in paragraph at lines 955--955
[]|\T1/cmr/m/n/12 (+20) >  0.05 On
 []


Underfull \hbox (badness 10000) in paragraph at lines 955--955
[]|\T1/cmr/bx/n/12 ANOVA
 []


Underfull \hbox (badness 10000) in paragraph at lines 955--955
[]|\T1/cmr/bx/n/12 ANOVA
 []


Underfull \hbox (badness 5622) in paragraph at lines 955--955
\T1/cmr/m/n/12 (+20) les moyenne ne
 []


Underfull \hbox (badness 10000) in paragraph at lines 955--955
[]|\T1/cmr/bx/n/12 ANOVA
 []


Underfull \hbox (badness 5622) in paragraph at lines 955--955
\T1/cmr/m/n/12 (+20) les moyenne ne
 []


LaTeX Warning: Float too large for page by 38.99821pt on input line 957.


Underfull \hbox (badness 10000) in paragraph at lines 986--986
[]|\T1/cmr/bx/n/12 Pearson-
 []


Underfull \hbox (badness 6204) in paragraph at lines 986--986
[]|\T1/cmr/m/n/12 (+20) Pas de re-la-tion
 []


Underfull \hbox (badness 10000) in paragraph at lines 986--986
[]|\T1/cmr/bx/n/12 Pearson-
 []


Underfull \hbox (badness 6204) in paragraph at lines 986--986
[]|\T1/cmr/m/n/12 (+20) Pas de re-la-tion
 []


Underfull \hbox (badness 10000) in paragraph at lines 986--986
[]|\T1/cmr/bx/n/12 ANOVA
 []


Underfull \hbox (badness 7944) in paragraph at lines 986--986
\T1/cmr/m/n/12 (+20) mme Pour les
 []


Underfull \hbox (badness 1436) in paragraph at lines 986--986
\T1/cmr/m/n/12 (+20) Hommes et 40%
 []


Overfull \hbox (16.14606pt too wide) in paragraph at lines 986--986
[]|\T1/cmr/bx/n/12 PROVINCE| 
 []


Underfull \hbox (badness 10000) in paragraph at lines 986--986
[]|\T1/cmr/bx/n/12 ANOVA
 []


Underfull \hbox (badness 1584) in paragraph at lines 986--986
\T1/cmr/m/n/12 (+20) pas au-to-ma-ti-que-
 []


Underfull \hbox (badness 1199) in paragraph at lines 986--986
\T1/cmr/m/n/12 (+20) ment H0 on ob-
 []


Underfull \hbox (badness 10000) in paragraph at lines 986--986
[]|\T1/cmr/bx/n/12 ANOVA
 []


Underfull \hbox (badness 10000) in paragraph at lines 986--986
[]|\T1/cmr/bx/n/12 ANOVA
 []


Underfull \hbox (badness 10000) in paragraph at lines 986--986
[]|\T1/cmr/bx/n/12 ANOVA
 []


LaTeX Warning: Float too large for page by 39.01346pt on input line 988.


Underfull \hbox (badness 10000) in paragraph at lines 1018--1018
[]|\T1/cmr/bx/n/12 Pearson-
 []


Underfull \hbox (badness 6204) in paragraph at lines 1018--1018
[]|\T1/cmr/m/n/12 (+20) Pas de re-la-tion
 []


Underfull \hbox (badness 10000) in paragraph at lines 1018--1018
[]|\T1/cmr/bx/n/12 Pearson-
 []


Underfull \hbox (badness 6204) in paragraph at lines 1018--1018
[]|\T1/cmr/m/n/12 (+20) Pas de re-la-tion
 []


Underfull \hbox (badness 10000) in paragraph at lines 1018--1018
[]|\T1/cmr/bx/n/12 ANOVA
 []


Underfull \hbox (badness 7944) in paragraph at lines 1018--1018
\T1/cmr/m/n/12 (+20) mme Pour les
 []


Underfull \hbox (badness 1436) in paragraph at lines 1018--1018
\T1/cmr/m/n/12 (+20) Hommes et 60%
 []


Overfull \hbox (16.14606pt too wide) in paragraph at lines 1018--1018
[]|\T1/cmr/bx/n/12 PROVINCE| 
 []


Underfull \hbox (badness 10000) in paragraph at lines 1018--1018
[]|\T1/cmr/bx/n/12 ANOVA
 []


Underfull \hbox (badness 10000) in paragraph at lines 1018--1018
[]|\T1/cmr/m/n/12 (+20) >  0.05 On
 []


Underfull \hbox (badness 10000) in paragraph at lines 1018--1018
[]|\T1/cmr/bx/n/12 ANOVA
 []


Underfull \hbox (badness 10000) in paragraph at lines 1018--1018
[]|\T1/cmr/bx/n/12 ANOVA
 []


Underfull \hbox (badness 5622) in paragraph at lines 1018--1018
\T1/cmr/m/n/12 (+20) les moyenne ne
 []


Underfull \hbox (badness 10000) in paragraph at lines 1018--1018
[]|\T1/cmr/bx/n/12 ANOVA
 []


Underfull \hbox (badness 5622) in paragraph at lines 1018--1018
\T1/cmr/m/n/12 (+20) les moyenne ne
 []


LaTeX Warning: Float too large for page by 39.00342pt on input line 1020.


Underfull \hbox (badness 10000) in paragraph at lines 1050--1050
[]|\T1/cmr/bx/n/12 Pearson-
 []


Underfull \hbox (badness 6204) in paragraph at lines 1050--1050
[]|\T1/cmr/m/n/12 (+20) Pas de re-la-tion
 []


Underfull \hbox (badness 10000) in paragraph at lines 1050--1050
[]|\T1/cmr/bx/n/12 Pearson-
 []


Underfull \hbox (badness 6204) in paragraph at lines 1050--1050
[]|\T1/cmr/m/n/12 (+20) Pas de re-la-tion
 []


Underfull \hbox (badness 10000) in paragraph at lines 1050--1050
[]|\T1/cmr/bx/n/12 ANOVA
 []


Underfull \hbox (badness 7944) in paragraph at lines 1050--1050
\T1/cmr/m/n/12 (+20) mme Pour les
 []


Underfull \hbox (badness 1436) in paragraph at lines 1050--1050
\T1/cmr/m/n/12 (+20) Hommes et 52%
 []


Overfull \hbox (16.14606pt too wide) in paragraph at lines 1050--1050
[]|\T1/cmr/bx/n/12 PROVINCE| 
 []


Underfull \hbox (badness 10000) in paragraph at lines 1050--1050
[]|\T1/cmr/bx/n/12 ANOVA
 []


Underfull \hbox (badness 10000) in paragraph at lines 1050--1050
[]|\T1/cmr/m/n/12 (+20) >  0.05 On
 []


Underfull \hbox (badness 10000) in paragraph at lines 1050--1050
[]|\T1/cmr/bx/n/12 ANOVA
 []


Underfull \hbox (badness 10000) in paragraph at lines 1050--1050
[]|\T1/cmr/bx/n/12 ANOVA
 []


Underfull \hbox (badness 5622) in paragraph at lines 1050--1050
\T1/cmr/m/n/12 (+20) les moyenne ne
 []


Underfull \hbox (badness 10000) in paragraph at lines 1050--1050
[]|\T1/cmr/bx/n/12 ANOVA
 []


Underfull \hbox (badness 5622) in paragraph at lines 1050--1050
\T1/cmr/m/n/12 (+20) les moyenne ne
 []


LaTeX Warning: Float too large for page by 39.01097pt on input line 1052.


Underfull \hbox (badness 10000) in paragraph at lines 1082--1082
[]|\T1/cmr/bx/n/12 Pearson-
 []


Underfull \hbox (badness 6204) in paragraph at lines 1082--1082
[]|\T1/cmr/m/n/12 (+20) Pas de re-la-tion
 []


Underfull \hbox (badness 10000) in paragraph at lines 1082--1082
[]|\T1/cmr/bx/n/12 Pearson-
 []


Underfull \hbox (badness 6204) in paragraph at lines 1082--1082
[]|\T1/cmr/m/n/12 (+20) Pas de re-la-tion
 []


Underfull \hbox (badness 10000) in paragraph at lines 1082--1082
[]|\T1/cmr/bx/n/12 ANOVA
 []


Underfull \hbox (badness 7944) in paragraph at lines 1082--1082
\T1/cmr/m/n/12 (+20) mme Pour les
 []


Underfull \hbox (badness 1436) in paragraph at lines 1082--1082
\T1/cmr/m/n/12 (+20) Hommes et 20%
 []


Overfull \hbox (16.14606pt too wide) in paragraph at lines 1082--1082
[]|\T1/cmr/bx/n/12 PROVINCE| 
 []


Underfull \hbox (badness 10000) in paragraph at lines 1082--1082
[]|\T1/cmr/bx/n/12 ANOVA
 []


Underfull \hbox (badness 10000) in paragraph at lines 1082--1082
[]|\T1/cmr/bx/n/12 ANOVA
 []


Underfull \hbox (badness 1584) in paragraph at lines 1082--1082
\T1/cmr/m/n/12 (+20) pas au-to-ma-ti-que-
 []


Underfull \hbox (badness 1199) in paragraph at lines 1082--1082
\T1/cmr/m/n/12 (+20) ment H0 on ob-
 []


Underfull \hbox (badness 10000) in paragraph at lines 1082--1082
[]|\T1/cmr/bx/n/12 ANOVA
 []


Underfull \hbox (badness 1584) in paragraph at lines 1082--1082
\T1/cmr/m/n/12 (+20) pas au-to-ma-ti-que-
 []


Underfull \hbox (badness 1199) in paragraph at lines 1082--1082
\T1/cmr/m/n/12 (+20) ment H0 on ob-
 []


Underfull \hbox (badness 10000) in paragraph at lines 1082--1082
[]|\T1/cmr/bx/n/12 ANOVA
 []


Underfull \hbox (badness 6910) in paragraph at lines 1082--1082
[]|\T1/cmr/m/n/12 (+20) .05 On ac-cepte
 []


Underfull \hbox (badness 1584) in paragraph at lines 1082--1082
\T1/cmr/m/n/12 (+20) pas au-to-ma-ti-que-
 []


Underfull \hbox (badness 1199) in paragraph at lines 1082--1082
\T1/cmr/m/n/12 (+20) ment H0 on ob-
 []


LaTeX Warning: Float too large for page by 39.0055pt on input line 1084.

[54] [55] [56] [57] [58] [59] [60] [61]) [62] (./text/chapter4.tex
Chapitre 4.

Underfull \hbox (badness 10000) in paragraph at lines 2--4

 []

<fig/sckikLearnCheatSheet.png, id=372, 3651.35571pt x 2276.505pt>
File: fig/sckikLearnCheatSheet.png Graphic file (type png)

<use fig/sckikLearnCheatSheet.png>
Package pdftex.def Info: fig/sckikLearnCheatSheet.png used on input line 7.
(pdftex.def)             Requested size: 227.62206pt x 141.89911pt.
Package acronym Info: Label `acro:SVR' newly defined as it shall be overridden
although it is yet undefined on input line 17.
 [63


 <./fig/sckikLearnCheatSheet.png>]
<fig/ModelBuilding.png, id=378, 730.73pt x 408.52625pt>
File: fig/ModelBuilding.png Graphic file (type png)

<use fig/ModelBuilding.png>
Package pdftex.def Info: fig/ModelBuilding.png used on input line 42.
(pdftex.def)             Requested size: 227.62206pt x 127.25272pt.
 [64 <./fig/ModelBuilding.png>] [65]
Package acronym Info: Label `acro:LOOCV' newly defined as it shall be overridde
n
although it is yet undefined on input line 85.
 [66]

LaTeX Warning: Float too large for page by 24.51715pt on input line 148.

[67] [68]

LaTeX Warning: Float too large for page by 24.49855pt on input line 203.

[69] [70]
Package acronym Info: Label `acro:API' newly defined as it shall be overridden
although it is yet undefined on input line 210.
Package acronym Info: Label `acro:TDD' newly defined as it shall be overridden
although it is yet undefined on input line 212.
Package acronym Info: Label `acro:CI' newly defined as it shall be overridden
although it is yet undefined on input line 213.


LaTeX Warning: Reference `lfig:TDD' on page 71 undefined on input line 217.

<fig/Cycle-global-tdd.png, id=403, 1426.32875pt x 843.15pt>
File: fig/Cycle-global-tdd.png Graphic file (type png)

<use fig/Cycle-global-tdd.png>
Package pdftex.def Info: fig/Cycle-global-tdd.png used on input line 220.
(pdftex.def)             Requested size: 227.62206pt x 134.54652pt.
 [71 <./fig/Cycle-global-tdd.png>]
<fig/New-Predictive-Model.png, id=408, 697.60625pt x 515.9275pt>
File: fig/New-Predictive-Model.png Graphic file (type png)

<use fig/New-Predictive-Model.png>
Package pdftex.def Info: fig/New-Predictive-Model.png used on input line 237.
(pdftex.def)             Requested size: 227.62206pt x 168.3436pt.
Package acronym Info: Label `acro:JSON' newly defined as it shall be overridden

although it is yet undefined on input line 242.
Package acronym Info: Label `acro:MVC' newly defined as it shall be overridden
although it is yet undefined on input line 250.

<fig/form.png, id=409, 889.3225pt x 512.91624pt>
File: fig/form.png Graphic file (type png)
 <use fig/form.png>
Package pdftex.def Info: fig/form.png used on input line 254.
(pdftex.def)             Requested size: 227.62206pt x 131.28107pt.
 [72 <./fig/New-Predictive-Model.png>] <fig/results.png, id=415, 726.715pt x 48
7.8225pt>
File: fig/results.png Graphic file (type png)

<use fig/results.png>
Package pdftex.def Info: fig/results.png used on input line 261.
(pdftex.def)             Requested size: 227.62206pt x 152.79399pt.

Overfull \hbox (14.0774pt too wide) in paragraph at lines 265--266
[]\T1/cmr/m/n/12 (-20) Notons que l'ap-pli-ca-tion est h-ber-ge et peut tre 
tes-ter  l'adresse sui-vante : https ://grade-
 []

[73 <./fig/form.png> <./fig/results.png>]) [74] (./text/conclusion.tex)
[75


] [76] (./memoire.toc [77


])
\tf@toc=\write6
\openout6 = `memoire.toc'.

 [78] (./memoire.lof)
\tf@lof=\write7
\openout7 = `memoire.lof'.

 [79

] (./memoire.lot)
\tf@lot=\write8
\openout8 = `memoire.lot'.


[80

]
LaTeX Font Info:    Try loading font information for T1+cmtt on input line 82.
 (/usr/local/texlive/2017/texmf-dist/tex/latex/base/t1cmtt.fd
File: t1cmtt.fd 2014/09/29 v2.5h Standard LaTeX font definitions
)
Package microtype Info: Loading generic settings for font family
(microtype)             `cmtt' (encoding: T1).
(microtype)             For optimal results, create family-specific settings.
(microtype)             See the microtype manual for details.

Overfull \hbox (0.19543pt too wide) in paragraph at lines 83--83
[]\T1/cmr/m/n/12 (-20) SHARP SIGHT \T1/cmr/m/sc/12 (-20) LABS\T1/cmr/m/n/12 (-2
0) . \T1/cmr/m/it/12 (-20) What is the dif-fe-rence bet-ween ma-chine lear-ning
,statistics,and
 []


Overfull \hbox (25.444pt too wide) in paragraph at lines 83--83
\T1/cmtt/m/n/12 com / differencemachinelearningstatisticsdatamining /
 ?utm _ content =
 []

[81

]
Overfull \hbox (7.29774pt too wide) in paragraph at lines 83--83
[]\T1/cmr/m/n/12 (-20) SUNIL \T1/cmr/m/sc/12 (-20) RAY\T1/cmr/m/n/12 (-20) . \T
1/cmr/m/it/12 (-20) Guide to Data Ex-plo-ra-tion\T1/cmr/m/n/12 (-20) . 2016. \T
1/cmr/m/sc/12 (-20) url \T1/cmr/m/n/12 (-20) : $\T1/cmtt/m/n/12 https : / / www
 . analyticsvidhya .
 []

[82] (./memoire.aux)

LaTeX Warning: There were undefined references.


Package biblatex Warning: Please (re)run BibTeX on the file(s):
(biblatex)                memoire
(biblatex)                and rerun LaTeX afterwards.

Package logreq Info: Writing requests to 'memoire.run.xml'.
\openout1 = `memoire.run.xml'.

 ) 
Here is how much of TeX's memory you used:
 17443 strings out of 492995
 285279 string characters out of 6132704
 658502 words of memory out of 5000000
 20408 multiletter control sequences out of 15000+600000
 30849 words of font info for 150 fonts, out of 8000000 for 9000
 1141 hyphenation exceptions out of 8191
 45i,18n,49p,1298b,2881s stack positions out of 5000i,500n,10000p,200000b,80000s
{/usr/local/texlive/2017/texmf-dist/fonts/enc/dvips/cm-super/cm-super-t1.enc}
</usr/local/texlive/2017/texmf-dist/fonts/type1/public/amsfonts/cm/cmex10.pfb><
/usr/local/texlive/2017/texmf-dist/fonts/type1/public/amsfonts/cmextra/cmex8.pf
b></usr/local/texlive/2017/texmf-dist/fonts/type1/public/amsfonts/cm/cmmi12.pfb
></usr/local/texlive/2017/texmf-dist/fonts/type1/public/amsfonts/cm/cmmi6.pfb><
/usr/local/texlive/2017/texmf-dist/fonts/type1/public/amsfonts/cm/cmmi8.pfb></u
sr/local/texlive/2017/texmf-dist/fonts/type1/public/amsfonts/cm/cmr12.pfb></usr
/local/texlive/2017/texmf-dist/fonts/type1/public/amsfonts/cm/cmr6.pfb></usr/lo
cal/texlive/2017/texmf-dist/fonts/type1/public/amsfonts/cm/cmr8.pfb></usr/local
/texlive/2017/texmf-dist/fonts/type1/public/amsfonts/cm/cmsy10.pfb></usr/local/
texlive/2017/texmf-dist/fonts/type1/public/amsfonts/cm/cmsy6.pfb></usr/local/te
xlive/2017/texmf-dist/fonts/type1/public/amsfonts/cm/cmsy8.pfb></usr/local/texl
ive/2017/texmf-dist/fonts/type1/public/cm-super/sfbi1200.pfb></usr/local/texliv
e/2017/texmf-dist/fonts/type1/public/cm-super/sfbi1440.pfb></usr/local/texlive/
2017/texmf-dist/fonts/type1/public/cm-super/sfbi1728.pfb></usr/local/texlive/20
17/texmf-dist/fonts/type1/public/cm-super/sfbx1095.pfb></usr/local/texlive/2017
/texmf-dist/fonts/type1/public/cm-super/sfbx1200.pfb></usr/local/texlive/2017/t
exmf-dist/fonts/type1/public/cm-super/sfbx1440.pfb></usr/local/texlive/2017/tex
mf-dist/fonts/type1/public/cm-super/sfbx1728.pfb></usr/local/texlive/2017/texmf
-dist/fonts/type1/public/cm-super/sfbx2488.pfb></usr/local/texlive/2017/texmf-d
ist/fonts/type1/public/cm-super/sfcc1200.pfb></usr/local/texlive/2017/texmf-dis
t/fonts/type1/public/cm-super/sfrm1000.pfb></usr/local/texlive/2017/texmf-dist/
fonts/type1/public/cm-super/sfrm1095.pfb></usr/local/texlive/2017/texmf-dist/fo
nts/type1/public/cm-super/sfrm1200.pfb></usr/local/texlive/2017/texmf-dist/font
s/type1/public/cm-super/sfti1095.pfb></usr/local/texlive/2017/texmf-dist/fonts/
type1/public/cm-super/sfti1200.pfb></usr/local/texlive/2017/texmf-dist/fonts/ty
pe1/public/cm-super/sfti1728.pfb></usr/local/texlive/2017/texmf-dist/fonts/type
1/public/cm-super/sftt1200.pfb>
Output written on memoire.pdf (92 pages, 3190745 bytes).
PDF statistics:
 540 PDF objects out of 1000 (max. 8388607)
 324 compressed objects within 4 object streams
 0 named destinations out of 1000 (max. 500000)
 26850 words of extra memory for PDF output out of 29859 (max. 10000000)

